2021-01-30 16:36:00,669 INFO org.springframework.boot.StartupInfoLogger [restartedMain] Starting BooksCatalogPrototypeApplication on DESKTOP-1RBLR2I with PID 16144 (C:\Users\Vadym\IdeaProjects\BooksCatalogPrototype\build\classes\java\main started by Vadym in C:\Users\Vadym\IdeaProjects\BooksCatalogPrototype)
2021-01-30 16:36:00,677 INFO org.springframework.boot.SpringApplication [restartedMain] The following profiles are active: dev
2021-01-30 16:36:00,829 INFO org.springframework.boot.logging.DeferredLog [restartedMain] Devtools property defaults active! Set 'spring.devtools.add-properties' to 'false' to disable
2021-01-30 16:36:00,831 INFO org.springframework.boot.logging.DeferredLog [restartedMain] For additional web related logging consider setting the 'logging.level.web' property to 'DEBUG'
2021-01-30 16:36:04,483 INFO org.springframework.data.repository.config.RepositoryConfigurationDelegate [restartedMain] Bootstrapping Spring Data repositories in DEFAULT mode.
2021-01-30 16:36:04,734 INFO org.springframework.data.repository.config.RepositoryConfigurationDelegate [restartedMain] Finished Spring Data repository scanning in 233ms. Found 5 repository interfaces.
2021-01-30 16:36:05,719 INFO org.springframework.context.support.PostProcessorRegistrationDelegate$BeanPostProcessorChecker [restartedMain] Bean 'org.springframework.security.config.annotation.configuration.ObjectPostProcessorConfiguration' of type [org.springframework.security.config.annotation.configuration.ObjectPostProcessorConfiguration$$EnhancerBySpringCGLIB$$9fe0cc2e] is not eligible for getting processed by all BeanPostProcessors (for example: not eligible for auto-proxying)
2021-01-30 16:36:05,734 INFO org.springframework.context.support.PostProcessorRegistrationDelegate$BeanPostProcessorChecker [restartedMain] Bean 'objectPostProcessor' of type [org.springframework.security.config.annotation.configuration.AutowireBeanFactoryObjectPostProcessor] is not eligible for getting processed by all BeanPostProcessors (for example: not eligible for auto-proxying)
2021-01-30 16:36:05,738 INFO org.springframework.context.support.PostProcessorRegistrationDelegate$BeanPostProcessorChecker [restartedMain] Bean 'org.springframework.security.access.expression.method.DefaultMethodSecurityExpressionHandler@7c0961cb' of type [org.springframework.security.access.expression.method.DefaultMethodSecurityExpressionHandler] is not eligible for getting processed by all BeanPostProcessors (for example: not eligible for auto-proxying)
2021-01-30 16:36:05,741 INFO org.springframework.context.support.PostProcessorRegistrationDelegate$BeanPostProcessorChecker [restartedMain] Bean 'org.springframework.security.config.annotation.method.configuration.GlobalMethodSecurityConfiguration' of type [org.springframework.security.config.annotation.method.configuration.GlobalMethodSecurityConfiguration$$EnhancerBySpringCGLIB$$c4b56ee0] is not eligible for getting processed by all BeanPostProcessors (for example: not eligible for auto-proxying)
2021-01-30 16:36:05,749 INFO org.springframework.context.support.PostProcessorRegistrationDelegate$BeanPostProcessorChecker [restartedMain] Bean 'methodSecurityMetadataSource' of type [org.springframework.security.access.method.DelegatingMethodSecurityMetadataSource] is not eligible for getting processed by all BeanPostProcessors (for example: not eligible for auto-proxying)
2021-01-30 16:36:05,793 INFO org.springframework.context.support.PostProcessorRegistrationDelegate$BeanPostProcessorChecker [restartedMain] Bean 'org.springframework.hateoas.config.HateoasConfiguration' of type [org.springframework.hateoas.config.HateoasConfiguration$$EnhancerBySpringCGLIB$$86b35126] is not eligible for getting processed by all BeanPostProcessors (for example: not eligible for auto-proxying)
2021-01-30 16:36:08,033 INFO org.springframework.boot.web.embedded.tomcat.TomcatWebServer [restartedMain] Tomcat initialized with port(s): 8081 (http)
2021-01-30 16:36:08,079 INFO org.apache.juli.logging.DirectJDKLog [restartedMain] Initializing ProtocolHandler ["http-nio-8081"]
2021-01-30 16:36:08,113 INFO org.apache.juli.logging.DirectJDKLog [restartedMain] Starting service [Tomcat]
2021-01-30 16:36:08,123 INFO org.apache.juli.logging.DirectJDKLog [restartedMain] Starting Servlet engine: [Apache Tomcat/9.0.19]
2021-01-30 16:36:08,393 INFO org.apache.juli.logging.DirectJDKLog [restartedMain] Initializing Spring embedded WebApplicationContext
2021-01-30 16:36:08,394 INFO org.springframework.boot.web.servlet.context.ServletWebServerApplicationContext [restartedMain] Root WebApplicationContext: initialization completed in 7560 ms
2021-01-30 16:36:11,669 INFO com.mongodb.diagnostics.logging.SLF4JLogger [restartedMain] Cluster created with settings {hosts=[localhost:27017], mode=MULTIPLE, requiredClusterType=UNKNOWN, serverSelectionTimeout='30000 ms', maxWaitQueueSize=500}
2021-01-30 16:36:11,670 INFO com.mongodb.diagnostics.logging.SLF4JLogger [restartedMain] Adding discovered server localhost:27017 to client view of cluster
2021-01-30 16:36:11,813 INFO com.mongodb.diagnostics.logging.SLF4JLogger [cluster-ClusterId{value='6015d14b6e4c743f10a21bc7', description='null'}-localhost:27017] Opened connection [connectionId{localValue:1, serverValue:1}] to localhost:27017
2021-01-30 16:36:11,855 INFO com.mongodb.diagnostics.logging.SLF4JLogger [cluster-ClusterId{value='6015d14b6e4c743f10a21bc7', description='null'}-localhost:27017] Monitor thread successfully connected to server with description ServerDescription{address=localhost:27017, type=STANDALONE, state=CONNECTED, ok=true, version=ServerVersion{versionList=[4, 2, 8]}, minWireVersion=0, maxWireVersion=8, maxDocumentSize=16777216, logicalSessionTimeoutMinutes=30, roundTripTimeNanos=16869500}
2021-01-30 16:36:11,858 INFO com.mongodb.diagnostics.logging.SLF4JLogger [cluster-ClusterId{value='6015d14b6e4c743f10a21bc7', description='null'}-localhost:27017] Discovered cluster type of STANDALONE
2021-01-30 16:36:14,387 WARN org.springframework.boot.devtools.autoconfigure.OptionalLiveReloadServer [restartedMain] Unable to start LiveReload server
2021-01-30 16:36:16,036 INFO org.springframework.boot.actuate.endpoint.web.EndpointLinksResolver [restartedMain] Exposing 2 endpoint(s) beneath base path '/actuator'
2021-01-30 16:36:16,816 INFO springfox.documentation.spring.web.PropertySourcedRequestMappingHandlerMapping [restartedMain] Mapped URL path [/v2/api-docs] onto method [public org.springframework.http.ResponseEntity<springfox.documentation.spring.web.json.Json> springfox.documentation.swagger2.web.Swagger2Controller.getDocumentation(java.lang.String,javax.servlet.http.HttpServletRequest)]
2021-01-30 16:36:17,414 INFO org.springframework.security.web.DefaultSecurityFilterChain [restartedMain] Creating filter chain: any request, [org.springframework.security.web.context.request.async.WebAsyncManagerIntegrationFilter@754272d6, org.springframework.security.web.context.SecurityContextPersistenceFilter@40cbc1b9, org.springframework.security.web.header.HeaderWriterFilter@4c9ca794, org.springframework.web.filter.CorsFilter@bdf9d4b, org.springframework.security.web.authentication.logout.LogoutFilter@35b85c6, com.softserve.booksCatalogPrototype.security.JwtAuthenticationFilter@402d3f85, org.springframework.security.web.savedrequest.RequestCacheAwareFilter@54c12bb5, org.springframework.security.web.servletapi.SecurityContextHolderAwareRequestFilter@58cb2ad2, org.springframework.security.web.authentication.AnonymousAuthenticationFilter@4c845aac, org.springframework.security.web.session.SessionManagementFilter@31677d08, org.springframework.security.web.access.ExceptionTranslationFilter@1a339322, org.springframework.security.web.access.intercept.FilterSecurityInterceptor@14c86300]
2021-01-30 16:36:17,739 INFO org.springframework.scheduling.concurrent.ExecutorConfigurationSupport [restartedMain] Initializing ExecutorService 'applicationTaskExecutor'
2021-01-30 16:36:18,648 INFO springfox.documentation.spring.web.plugins.DocumentationPluginsBootstrapper [restartedMain] Context refreshed
2021-01-30 16:36:18,692 INFO springfox.documentation.spring.web.plugins.DocumentationPluginsBootstrapper [restartedMain] Found 1 custom documentation plugin(s)
2021-01-30 16:36:18,744 INFO springfox.documentation.spring.web.scanners.ApiListingReferenceScanner [restartedMain] Scanning for api listing references
2021-01-30 16:36:19,044 INFO springfox.documentation.spring.web.readers.operation.CachingOperationNameGenerator [restartedMain] Generating unique operation named: addUsingPOST_1
2021-01-30 16:36:19,054 INFO springfox.documentation.spring.web.readers.operation.CachingOperationNameGenerator [restartedMain] Generating unique operation named: allUsingGET_1
2021-01-30 16:36:19,064 INFO springfox.documentation.spring.web.readers.operation.CachingOperationNameGenerator [restartedMain] Generating unique operation named: allPagesUsingGET_1
2021-01-30 16:36:19,082 INFO springfox.documentation.spring.web.readers.operation.CachingOperationNameGenerator [restartedMain] Generating unique operation named: deleteUsingDELETE_1
2021-01-30 16:36:19,123 INFO springfox.documentation.spring.web.readers.operation.CachingOperationNameGenerator [restartedMain] Generating unique operation named: getUsingGET_1
2021-01-30 16:36:19,203 INFO springfox.documentation.spring.web.readers.operation.CachingOperationNameGenerator [restartedMain] Generating unique operation named: updateUsingPUT_1
2021-01-30 16:36:19,273 INFO springfox.documentation.spring.web.readers.operation.CachingOperationNameGenerator [restartedMain] Generating unique operation named: getUsingGET_2
2021-01-30 16:36:19,278 INFO springfox.documentation.spring.web.readers.operation.CachingOperationNameGenerator [restartedMain] Generating unique operation named: updateUsingPUT_2
2021-01-30 16:36:19,315 INFO org.apache.juli.logging.DirectJDKLog [restartedMain] Starting ProtocolHandler ["http-nio-8081"]
2021-01-30 16:36:19,370 INFO org.springframework.boot.web.embedded.tomcat.TomcatWebServer [restartedMain] Tomcat started on port(s): 8081 (http) with context path ''
2021-01-30 16:36:19,375 INFO org.springframework.boot.StartupInfoLogger [restartedMain] Started BooksCatalogPrototypeApplication in 19.879 seconds (JVM running for 21.161)
2021-01-30 16:36:19,806 INFO com.mongodb.diagnostics.logging.SLF4JLogger [restartedMain] Opened connection [connectionId{localValue:2, serverValue:2}] to localhost:27017
2021-01-30 16:36:19,994 INFO com.softserve.booksCatalogPrototype.BooksCatalogPrototypeApplication [restartedMain] Books catalog app is started
