2020-02-05 15:50:48,144 INFO org.springframework.boot.StartupInfoLogger [restartedMain] Starting BooksCatalogPrototypeApplication on VADYM with PID 7536 (C:\Users\avsim\IdeaProjects\BooksCatalogPrototype\build\classes\java\main started by avsim in C:\Users\avsim\IdeaProjects\BooksCatalogPrototype)
2020-02-05 15:50:48,156 INFO org.springframework.boot.SpringApplication [restartedMain] No active profile set, falling back to default profiles: default
2020-02-05 15:50:48,253 INFO org.springframework.boot.logging.DeferredLog [restartedMain] Devtools property defaults active! Set 'spring.devtools.add-properties' to 'false' to disable
2020-02-05 15:50:48,254 INFO org.springframework.boot.logging.DeferredLog [restartedMain] For additional web related logging consider setting the 'logging.level.web' property to 'DEBUG'
2020-02-05 15:50:50,683 INFO org.springframework.data.repository.config.RepositoryConfigurationDelegate [restartedMain] Bootstrapping Spring Data repositories in DEFAULT mode.
2020-02-05 15:50:50,821 INFO org.springframework.data.repository.config.RepositoryConfigurationDelegate [restartedMain] Finished Spring Data repository scanning in 130ms. Found 5 repository interfaces.
2020-02-05 15:50:51,427 INFO org.springframework.context.support.PostProcessorRegistrationDelegate$BeanPostProcessorChecker [restartedMain] Bean 'org.springframework.security.config.annotation.configuration.ObjectPostProcessorConfiguration' of type [org.springframework.security.config.annotation.configuration.ObjectPostProcessorConfiguration$$EnhancerBySpringCGLIB$$6ada9529] is not eligible for getting processed by all BeanPostProcessors (for example: not eligible for auto-proxying)
2020-02-05 15:50:51,437 INFO org.springframework.context.support.PostProcessorRegistrationDelegate$BeanPostProcessorChecker [restartedMain] Bean 'objectPostProcessor' of type [org.springframework.security.config.annotation.configuration.AutowireBeanFactoryObjectPostProcessor] is not eligible for getting processed by all BeanPostProcessors (for example: not eligible for auto-proxying)
2020-02-05 15:50:51,440 INFO org.springframework.context.support.PostProcessorRegistrationDelegate$BeanPostProcessorChecker [restartedMain] Bean 'org.springframework.security.access.expression.method.DefaultMethodSecurityExpressionHandler@21b596f5' of type [org.springframework.security.access.expression.method.DefaultMethodSecurityExpressionHandler] is not eligible for getting processed by all BeanPostProcessors (for example: not eligible for auto-proxying)
2020-02-05 15:50:51,447 INFO org.springframework.context.support.PostProcessorRegistrationDelegate$BeanPostProcessorChecker [restartedMain] Bean 'org.springframework.security.config.annotation.method.configuration.GlobalMethodSecurityConfiguration' of type [org.springframework.security.config.annotation.method.configuration.GlobalMethodSecurityConfiguration$$EnhancerBySpringCGLIB$$8faf37db] is not eligible for getting processed by all BeanPostProcessors (for example: not eligible for auto-proxying)
2020-02-05 15:50:51,452 INFO org.springframework.context.support.PostProcessorRegistrationDelegate$BeanPostProcessorChecker [restartedMain] Bean 'methodSecurityMetadataSource' of type [org.springframework.security.access.method.DelegatingMethodSecurityMetadataSource] is not eligible for getting processed by all BeanPostProcessors (for example: not eligible for auto-proxying)
2020-02-05 15:50:51,469 INFO org.springframework.context.support.PostProcessorRegistrationDelegate$BeanPostProcessorChecker [restartedMain] Bean 'org.springframework.hateoas.config.HateoasConfiguration' of type [org.springframework.hateoas.config.HateoasConfiguration$$EnhancerBySpringCGLIB$$51ad1a21] is not eligible for getting processed by all BeanPostProcessors (for example: not eligible for auto-proxying)
2020-02-05 15:50:51,989 INFO org.springframework.boot.web.embedded.tomcat.TomcatWebServer [restartedMain] Tomcat initialized with port(s): 8080 (http)
2020-02-05 15:50:52,008 INFO org.apache.juli.logging.DirectJDKLog [restartedMain] Initializing ProtocolHandler ["http-nio-8080"]
2020-02-05 15:50:52,017 INFO org.apache.juli.logging.DirectJDKLog [restartedMain] Starting service [Tomcat]
2020-02-05 15:50:52,017 INFO org.apache.juli.logging.DirectJDKLog [restartedMain] Starting Servlet engine: [Apache Tomcat/9.0.19]
2020-02-05 15:50:52,157 INFO org.apache.juli.logging.DirectJDKLog [restartedMain] Initializing Spring embedded WebApplicationContext
2020-02-05 15:50:52,158 INFO org.springframework.boot.web.servlet.context.ServletWebServerApplicationContext [restartedMain] Root WebApplicationContext: initialization completed in 3903 ms
2020-02-05 15:50:54,426 INFO com.mongodb.diagnostics.logging.SLF4JLogger [restartedMain] Cluster created with settings {hosts=[localhost:27017], mode=MULTIPLE, requiredClusterType=UNKNOWN, serverSelectionTimeout='30000 ms', maxWaitQueueSize=500}
2020-02-05 15:50:54,428 INFO com.mongodb.diagnostics.logging.SLF4JLogger [restartedMain] Adding discovered server localhost:27017 to client view of cluster
2020-02-05 15:50:54,508 INFO com.mongodb.diagnostics.logging.SLF4JLogger [cluster-ClusterId{value='5e3b2aaef549401d70fa6cde', description='null'}-localhost:27017] Opened connection [connectionId{localValue:1, serverValue:9}] to localhost:27017
2020-02-05 15:50:54,517 INFO com.mongodb.diagnostics.logging.SLF4JLogger [cluster-ClusterId{value='5e3b2aaef549401d70fa6cde', description='null'}-localhost:27017] Monitor thread successfully connected to server with description ServerDescription{address=localhost:27017, type=STANDALONE, state=CONNECTED, ok=true, version=ServerVersion{versionList=[4, 0, 11]}, minWireVersion=0, maxWireVersion=7, maxDocumentSize=16777216, logicalSessionTimeoutMinutes=30, roundTripTimeNanos=4221000}
2020-02-05 15:50:54,519 INFO com.mongodb.diagnostics.logging.SLF4JLogger [cluster-ClusterId{value='5e3b2aaef549401d70fa6cde', description='null'}-localhost:27017] Discovered cluster type of STANDALONE
2020-02-05 15:50:56,272 INFO org.springframework.boot.devtools.autoconfigure.OptionalLiveReloadServer [restartedMain] LiveReload server is running on port 35729
2020-02-05 15:50:57,269 INFO org.springframework.boot.actuate.endpoint.web.EndpointLinksResolver [restartedMain] Exposing 2 endpoint(s) beneath base path '/actuator'
2020-02-05 15:50:57,525 INFO springfox.documentation.spring.web.PropertySourcedRequestMappingHandlerMapping [restartedMain] Mapped URL path [/v2/api-docs] onto method [public org.springframework.http.ResponseEntity<springfox.documentation.spring.web.json.Json> springfox.documentation.swagger2.web.Swagger2Controller.getDocumentation(java.lang.String,javax.servlet.http.HttpServletRequest)]
2020-02-05 15:50:57,925 INFO org.springframework.security.web.DefaultSecurityFilterChain [restartedMain] Creating filter chain: any request, [org.springframework.security.web.context.request.async.WebAsyncManagerIntegrationFilter@13fde32, org.springframework.security.web.context.SecurityContextPersistenceFilter@46cb0dc2, org.springframework.security.web.header.HeaderWriterFilter@285b6534, org.springframework.web.filter.CorsFilter@ca6fc5, org.springframework.security.web.authentication.logout.LogoutFilter@7465a65e, com.softserve.booksCatalogPrototype.security.JwtAuthenticationFilter@77182526, org.springframework.security.web.savedrequest.RequestCacheAwareFilter@4dbcc59f, org.springframework.security.web.servletapi.SecurityContextHolderAwareRequestFilter@5c9c1233, org.springframework.security.web.authentication.AnonymousAuthenticationFilter@6a07520e, org.springframework.security.web.session.SessionManagementFilter@416aec93, org.springframework.security.web.access.ExceptionTranslationFilter@7aa8932c, org.springframework.security.web.access.intercept.FilterSecurityInterceptor@410644a0]
2020-02-05 15:50:58,106 INFO org.springframework.scheduling.concurrent.ExecutorConfigurationSupport [restartedMain] Initializing ExecutorService 'applicationTaskExecutor'
2020-02-05 15:50:58,688 INFO springfox.documentation.spring.web.plugins.DocumentationPluginsBootstrapper [restartedMain] Context refreshed
2020-02-05 15:50:58,709 INFO springfox.documentation.spring.web.plugins.DocumentationPluginsBootstrapper [restartedMain] Found 1 custom documentation plugin(s)
2020-02-05 15:50:58,746 INFO springfox.documentation.spring.web.scanners.ApiListingReferenceScanner [restartedMain] Scanning for api listing references
2020-02-05 15:50:58,978 INFO springfox.documentation.spring.web.readers.operation.CachingOperationNameGenerator [restartedMain] Generating unique operation named: addUsingPOST_1
2020-02-05 15:50:58,993 INFO springfox.documentation.spring.web.readers.operation.CachingOperationNameGenerator [restartedMain] Generating unique operation named: allUsingGET_1
2020-02-05 15:50:59,005 INFO springfox.documentation.spring.web.readers.operation.CachingOperationNameGenerator [restartedMain] Generating unique operation named: allPagesUsingGET_1
2020-02-05 15:50:59,029 INFO springfox.documentation.spring.web.readers.operation.CachingOperationNameGenerator [restartedMain] Generating unique operation named: deleteUsingDELETE_1
2020-02-05 15:50:59,076 INFO springfox.documentation.spring.web.readers.operation.CachingOperationNameGenerator [restartedMain] Generating unique operation named: getUsingGET_1
2020-02-05 15:50:59,139 INFO springfox.documentation.spring.web.readers.operation.CachingOperationNameGenerator [restartedMain] Generating unique operation named: updateUsingPUT_1
2020-02-05 15:50:59,200 INFO springfox.documentation.spring.web.readers.operation.CachingOperationNameGenerator [restartedMain] Generating unique operation named: getUsingGET_2
2020-02-05 15:50:59,209 INFO springfox.documentation.spring.web.readers.operation.CachingOperationNameGenerator [restartedMain] Generating unique operation named: updateUsingPUT_2
2020-02-05 15:50:59,252 INFO org.apache.juli.logging.DirectJDKLog [restartedMain] Starting ProtocolHandler ["http-nio-8080"]
2020-02-05 15:50:59,284 INFO org.springframework.boot.web.embedded.tomcat.TomcatWebServer [restartedMain] Tomcat started on port(s): 8080 (http) with context path ''
2020-02-05 15:50:59,289 INFO org.springframework.boot.StartupInfoLogger [restartedMain] Started BooksCatalogPrototypeApplication in 11.798 seconds (JVM running for 13.386)
2020-02-05 15:50:59,355 INFO com.mongodb.diagnostics.logging.SLF4JLogger [restartedMain] Opened connection [connectionId{localValue:2, serverValue:10}] to localhost:27017
2020-02-05 15:50:59,467 INFO com.softserve.booksCatalogPrototype.event.InitListener [restartedMain] ROLE_ADMIN was created
2020-02-05 15:50:59,476 INFO com.softserve.booksCatalogPrototype.event.InitListener [restartedMain] ROLE_USER was created
2020-02-05 15:50:59,634 INFO com.softserve.booksCatalogPrototype.event.InitListener [restartedMain] Admin was created
2020-02-05 15:50:59,635 INFO com.softserve.booksCatalogPrototype.BooksCatalogPrototypeApplication [restartedMain] Books catalog app is started
2020-02-05 15:51:02,134 INFO org.apache.juli.logging.DirectJDKLog [RMI TCP Connection(7)-10.48.41.22] Initializing Spring DispatcherServlet 'dispatcherServlet'
2020-02-05 15:51:02,134 INFO org.springframework.web.servlet.FrameworkServlet [RMI TCP Connection(7)-10.48.41.22] Initializing Servlet 'dispatcherServlet'
2020-02-05 15:51:02,159 INFO org.springframework.web.servlet.FrameworkServlet [RMI TCP Connection(7)-10.48.41.22] Completed initialization in 24 ms
