2020-12-05 13:19:33,567 INFO org.springframework.boot.StartupInfoLogger [Test worker] Starting AuthorControllerTest on DESKTOP-1RBLR2I with PID 7776 (started by Vadym in C:\Users\Vadym\IdeaProjects\BooksCatalogPrototype)
2020-12-05 13:19:33,590 INFO org.springframework.boot.SpringApplication [Test worker] The following profiles are active: dev
2020-12-05 13:19:35,767 INFO org.springframework.data.repository.config.RepositoryConfigurationDelegate [Test worker] Bootstrapping Spring Data repositories in DEFAULT mode.
2020-12-05 13:19:36,109 INFO org.springframework.data.repository.config.RepositoryConfigurationDelegate [Test worker] Finished Spring Data repository scanning in 331ms. Found 5 repository interfaces.
2020-12-05 13:19:37,130 INFO org.springframework.context.support.PostProcessorRegistrationDelegate$BeanPostProcessorChecker [Test worker] Bean 'org.springframework.security.config.annotation.configuration.ObjectPostProcessorConfiguration' of type [org.springframework.security.config.annotation.configuration.ObjectPostProcessorConfiguration$$EnhancerBySpringCGLIB$$2073a14b] is not eligible for getting processed by all BeanPostProcessors (for example: not eligible for auto-proxying)
2020-12-05 13:19:37,144 INFO org.springframework.context.support.PostProcessorRegistrationDelegate$BeanPostProcessorChecker [Test worker] Bean 'objectPostProcessor' of type [org.springframework.security.config.annotation.configuration.AutowireBeanFactoryObjectPostProcessor] is not eligible for getting processed by all BeanPostProcessors (for example: not eligible for auto-proxying)
2020-12-05 13:19:37,147 INFO org.springframework.context.support.PostProcessorRegistrationDelegate$BeanPostProcessorChecker [Test worker] Bean 'org.springframework.security.access.expression.method.DefaultMethodSecurityExpressionHandler@72aae522' of type [org.springframework.security.access.expression.method.DefaultMethodSecurityExpressionHandler] is not eligible for getting processed by all BeanPostProcessors (for example: not eligible for auto-proxying)
2020-12-05 13:19:37,159 INFO org.springframework.context.support.PostProcessorRegistrationDelegate$BeanPostProcessorChecker [Test worker] Bean 'org.springframework.security.config.annotation.method.configuration.GlobalMethodSecurityConfiguration' of type [org.springframework.security.config.annotation.method.configuration.GlobalMethodSecurityConfiguration$$EnhancerBySpringCGLIB$$454843fd] is not eligible for getting processed by all BeanPostProcessors (for example: not eligible for auto-proxying)
2020-12-05 13:19:37,173 INFO org.springframework.context.support.PostProcessorRegistrationDelegate$BeanPostProcessorChecker [Test worker] Bean 'methodSecurityMetadataSource' of type [org.springframework.security.access.method.DelegatingMethodSecurityMetadataSource] is not eligible for getting processed by all BeanPostProcessors (for example: not eligible for auto-proxying)
2020-12-05 13:19:37,215 INFO org.springframework.context.support.PostProcessorRegistrationDelegate$BeanPostProcessorChecker [Test worker] Bean 'org.springframework.hateoas.config.HateoasConfiguration' of type [org.springframework.hateoas.config.HateoasConfiguration$$EnhancerBySpringCGLIB$$7462643] is not eligible for getting processed by all BeanPostProcessors (for example: not eligible for auto-proxying)
2020-12-05 13:19:37,906 INFO org.springframework.boot.web.embedded.tomcat.TomcatWebServer [Test worker] Tomcat initialized with port(s): 0 (http)
2020-12-05 13:19:37,937 INFO org.apache.juli.logging.DirectJDKLog [Test worker] Initializing ProtocolHandler ["http-nio-auto-1"]
2020-12-05 13:19:37,957 INFO org.apache.juli.logging.DirectJDKLog [Test worker] Starting service [Tomcat]
2020-12-05 13:19:37,960 INFO org.apache.juli.logging.DirectJDKLog [Test worker] Starting Servlet engine: [Apache Tomcat/9.0.19]
2020-12-05 13:19:38,203 INFO org.apache.juli.logging.DirectJDKLog [Test worker] Initializing Spring embedded WebApplicationContext
2020-12-05 13:19:38,205 INFO org.springframework.boot.web.servlet.context.ServletWebServerApplicationContext [Test worker] Root WebApplicationContext: initialization completed in 4585 ms
2020-12-05 13:19:40,433 INFO com.mongodb.diagnostics.logging.SLF4JLogger [Test worker] Cluster created with settings {hosts=[localhost:27017], mode=MULTIPLE, requiredClusterType=UNKNOWN, serverSelectionTimeout='30000 ms', maxWaitQueueSize=500}
2020-12-05 13:19:40,434 INFO com.mongodb.diagnostics.logging.SLF4JLogger [Test worker] Adding discovered server localhost:27017 to client view of cluster
2020-12-05 13:19:40,554 INFO com.mongodb.diagnostics.logging.SLF4JLogger [cluster-ClusterId{value='5fcbcf3ce90a681e603e7ea7', description='null'}-localhost:27017] Opened connection [connectionId{localValue:1, serverValue:1}] to localhost:27017
2020-12-05 13:19:40,563 INFO com.mongodb.diagnostics.logging.SLF4JLogger [cluster-ClusterId{value='5fcbcf3ce90a681e603e7ea7', description='null'}-localhost:27017] Monitor thread successfully connected to server with description ServerDescription{address=localhost:27017, type=STANDALONE, state=CONNECTED, ok=true, version=ServerVersion{versionList=[4, 2, 8]}, minWireVersion=0, maxWireVersion=8, maxDocumentSize=16777216, logicalSessionTimeoutMinutes=30, roundTripTimeNanos=5287800}
2020-12-05 13:19:40,572 INFO com.mongodb.diagnostics.logging.SLF4JLogger [cluster-ClusterId{value='5fcbcf3ce90a681e603e7ea7', description='null'}-localhost:27017] Discovered cluster type of STANDALONE
2020-12-05 13:19:43,631 INFO org.springframework.boot.actuate.endpoint.web.EndpointLinksResolver [Test worker] Exposing 2 endpoint(s) beneath base path '/actuator'
2020-12-05 13:19:44,079 INFO springfox.documentation.spring.web.PropertySourcedRequestMappingHandlerMapping [Test worker] Mapped URL path [/v2/api-docs] onto method [public org.springframework.http.ResponseEntity<springfox.documentation.spring.web.json.Json> springfox.documentation.swagger2.web.Swagger2Controller.getDocumentation(java.lang.String,javax.servlet.http.HttpServletRequest)]
2020-12-05 13:19:44,609 INFO org.springframework.security.web.DefaultSecurityFilterChain [Test worker] Creating filter chain: any request, [org.springframework.security.web.context.request.async.WebAsyncManagerIntegrationFilter@467d3047, org.springframework.security.web.context.SecurityContextPersistenceFilter@3a45c52d, org.springframework.security.web.header.HeaderWriterFilter@7a8dcaa1, org.springframework.web.filter.CorsFilter@4271b792, org.springframework.security.web.authentication.logout.LogoutFilter@66707cd5, com.softserve.booksCatalogPrototype.security.JwtAuthenticationFilter@613af3e5, org.springframework.security.web.savedrequest.RequestCacheAwareFilter@1e119985, org.springframework.security.web.servletapi.SecurityContextHolderAwareRequestFilter@6cabec56, org.springframework.security.web.authentication.AnonymousAuthenticationFilter@7abd64d4, org.springframework.security.web.session.SessionManagementFilter@92030ba, org.springframework.security.web.access.ExceptionTranslationFilter@73172ae4, org.springframework.security.web.access.intercept.FilterSecurityInterceptor@5d34616]
2020-12-05 13:19:44,954 INFO org.springframework.scheduling.concurrent.ExecutorConfigurationSupport [Test worker] Initializing ExecutorService 'applicationTaskExecutor'
2020-12-05 13:19:46,033 INFO springfox.documentation.spring.web.plugins.DocumentationPluginsBootstrapper [Test worker] Context refreshed
2020-12-05 13:19:46,073 INFO springfox.documentation.spring.web.plugins.DocumentationPluginsBootstrapper [Test worker] Found 1 custom documentation plugin(s)
2020-12-05 13:19:46,123 INFO springfox.documentation.spring.web.scanners.ApiListingReferenceScanner [Test worker] Scanning for api listing references
2020-12-05 13:19:46,432 INFO springfox.documentation.spring.web.readers.operation.CachingOperationNameGenerator [Test worker] Generating unique operation named: addUsingPOST_1
2020-12-05 13:19:46,442 INFO springfox.documentation.spring.web.readers.operation.CachingOperationNameGenerator [Test worker] Generating unique operation named: allUsingGET_1
2020-12-05 13:19:46,453 INFO springfox.documentation.spring.web.readers.operation.CachingOperationNameGenerator [Test worker] Generating unique operation named: allPagesUsingGET_1
2020-12-05 13:19:46,474 INFO springfox.documentation.spring.web.readers.operation.CachingOperationNameGenerator [Test worker] Generating unique operation named: deleteUsingDELETE_1
2020-12-05 13:19:46,514 INFO springfox.documentation.spring.web.readers.operation.CachingOperationNameGenerator [Test worker] Generating unique operation named: getUsingGET_1
2020-12-05 13:19:46,615 INFO springfox.documentation.spring.web.readers.operation.CachingOperationNameGenerator [Test worker] Generating unique operation named: updateUsingPUT_1
2020-12-05 13:19:46,677 INFO springfox.documentation.spring.web.readers.operation.CachingOperationNameGenerator [Test worker] Generating unique operation named: getUsingGET_2
2020-12-05 13:19:46,683 INFO springfox.documentation.spring.web.readers.operation.CachingOperationNameGenerator [Test worker] Generating unique operation named: updateUsingPUT_2
2020-12-05 13:19:46,713 INFO org.apache.juli.logging.DirectJDKLog [Test worker] Starting ProtocolHandler ["http-nio-auto-1"]
2020-12-05 13:19:46,736 INFO org.springframework.boot.web.embedded.tomcat.TomcatWebServer [Test worker] Tomcat started on port(s): 54249 (http) with context path ''
2020-12-05 13:19:46,740 INFO org.springframework.boot.StartupInfoLogger [Test worker] Started AuthorControllerTest in 14.223 seconds (JVM running for 16.879)
2020-12-05 13:19:46,842 INFO com.mongodb.diagnostics.logging.SLF4JLogger [Test worker] Opened connection [connectionId{localValue:2, serverValue:2}] to localhost:27017
2020-12-05 13:19:47,234 INFO com.softserve.booksCatalogPrototype.controller.AuthenticationController [Test worker] In login method.
2020-12-05 13:19:47,710 INFO org.apache.juli.logging.DirectJDKLog [http-nio-auto-1-exec-1] Initializing Spring DispatcherServlet 'dispatcherServlet'
2020-12-05 13:19:47,711 INFO org.springframework.web.servlet.FrameworkServlet [http-nio-auto-1-exec-1] Initializing Servlet 'dispatcherServlet'
2020-12-05 13:19:47,749 INFO org.springframework.web.servlet.FrameworkServlet [http-nio-auto-1-exec-1] Completed initialization in 38 ms
2020-12-05 13:19:47,883 INFO com.softserve.booksCatalogPrototype.controller.AuthorController [http-nio-auto-1-exec-1] In add method.
2020-12-05 13:19:48,046 INFO com.softserve.booksCatalogPrototype.service.AuthorServiceImpl [http-nio-auto-1-exec-1] Author Author(id=5fcbcf43e90a681e603e7ea8, firstName=Vadim, secondName=Tahiiev, creationDate=Sat Dec 05 13:19:47 EST 2020) is saved
2020-12-05 13:19:48,158 INFO com.softserve.booksCatalogPrototype.controller.AuthenticationController [Test worker] In login method.
2020-12-05 13:19:48,311 INFO com.softserve.booksCatalogPrototype.controller.AuthorController [http-nio-auto-1-exec-2] In all method.
2020-12-05 13:19:48,337 INFO com.softserve.booksCatalogPrototype.controller.AuthorController [http-nio-auto-1-exec-3] In all method.
2020-12-05 13:19:48,366 INFO com.softserve.booksCatalogPrototype.controller.AuthenticationController [Test worker] In login method.
2020-12-05 13:19:48,473 INFO com.softserve.booksCatalogPrototype.controller.AuthorController [http-nio-auto-1-exec-4] In add method.
2020-12-05 13:19:48,494 INFO com.softserve.booksCatalogPrototype.service.AuthorServiceImpl [http-nio-auto-1-exec-4] Author Author(id=5fcbcf44e90a681e603e7eae, firstName=null, secondName=null, creationDate=Sat Dec 05 13:19:48 EST 2020) is saved
2020-12-05 13:19:48,510 INFO com.softserve.booksCatalogPrototype.controller.AuthorController [http-nio-auto-1-exec-5] In update method.
2020-12-05 13:19:48,542 INFO com.softserve.booksCatalogPrototype.service.AuthorServiceImpl [http-nio-auto-1-exec-5] Author is updated
2020-12-05 13:19:48,567 INFO com.softserve.booksCatalogPrototype.controller.AuthenticationController [Test worker] In login method.
2020-12-05 13:19:48,669 INFO com.softserve.booksCatalogPrototype.controller.AuthorController [http-nio-auto-1-exec-6] In add method.
2020-12-05 13:19:48,699 INFO com.softserve.booksCatalogPrototype.service.AuthorServiceImpl [http-nio-auto-1-exec-6] Author Author(id=5fcbcf44e90a681e603e7eaf, firstName=null, secondName=null, creationDate=Sat Dec 05 13:19:48 EST 2020) is saved
2020-12-05 13:19:48,718 INFO com.softserve.booksCatalogPrototype.controller.AuthorController [http-nio-auto-1-exec-7] In get method.
2020-12-05 13:19:48,745 INFO com.softserve.booksCatalogPrototype.controller.AuthenticationController [Test worker] In login method.
2020-12-05 13:19:48,868 INFO com.softserve.booksCatalogPrototype.controller.AuthorController [http-nio-auto-1-exec-8] In all method.
2020-12-05 13:19:48,882 INFO com.softserve.booksCatalogPrototype.controller.AuthorController [http-nio-auto-1-exec-9] In deleteAuthors method.
2020-12-05 13:19:48,908 INFO com.softserve.booksCatalogPrototype.service.AuthorServiceImpl [http-nio-auto-1-exec-9] Author Author(id=5fcbcf44e90a681e603e7eb0, firstName=null, secondName=null, creationDate=Sat Dec 05 13:19:48 EST 2020) is deleted
2020-12-05 13:19:48,915 INFO com.softserve.booksCatalogPrototype.service.AuthorServiceImpl [http-nio-auto-1-exec-9] Author Author(id=5fcbcf44e90a681e603e7eb1, firstName=null, secondName=null, creationDate=Sat Dec 05 13:19:48 EST 2020) is deleted
2020-12-05 13:19:48,939 INFO com.softserve.booksCatalogPrototype.controller.AuthenticationController [Test worker] In login method.
2020-12-05 13:19:49,059 INFO com.softserve.booksCatalogPrototype.controller.AuthorController [http-nio-auto-1-exec-10] In add method.
2020-12-05 13:19:49,081 INFO com.softserve.booksCatalogPrototype.service.AuthorServiceImpl [http-nio-auto-1-exec-10] Author Author(id=5fcbcf45e90a681e603e7eb2, firstName=null, secondName=null, creationDate=Sat Dec 05 13:19:49 EST 2020) is saved
2020-12-05 13:19:49,093 INFO com.softserve.booksCatalogPrototype.controller.AuthorController [http-nio-auto-1-exec-1] In delete method.
2020-12-05 13:19:49,107 INFO com.softserve.booksCatalogPrototype.service.AuthorServiceImpl [http-nio-auto-1-exec-1] Author Author(id=5fcbcf45e90a681e603e7eb2, firstName=null, secondName=null, creationDate=Sat Dec 05 13:19:49 EST 2020) is deleted
2020-12-05 13:19:49,129 INFO com.softserve.booksCatalogPrototype.controller.AuthenticationController [Test worker] In login method.
2020-12-05 13:19:49,275 INFO com.softserve.booksCatalogPrototype.controller.AuthorController [http-nio-auto-1-exec-2] In all method.
2020-12-05 13:19:49,294 INFO com.softserve.booksCatalogPrototype.controller.AuthorController [http-nio-auto-1-exec-3] In allPages method.
2020-12-05 13:19:49,333 INFO org.springframework.test.context.support.AbstractTestContextBootstrapper [Test worker] Neither @ContextConfiguration nor @ContextHierarchy found for test class [com.softserve.booksCatalogPrototype.controller.BookControllerTest], using SpringBootContextLoader
2020-12-05 13:19:49,335 INFO org.springframework.test.context.support.AbstractContextLoader [Test worker] Could not detect default resource locations for test class [com.softserve.booksCatalogPrototype.controller.BookControllerTest]: no resource found for suffixes {-context.xml, Context.groovy}.
2020-12-05 13:19:49,338 INFO org.springframework.test.context.support.AbstractTestContextBootstrapper [Test worker] Loaded default TestExecutionListener class names from location [META-INF/spring.factories]: [org.springframework.security.test.context.support.WithSecurityContextTestExecutionListener, org.springframework.security.test.context.support.ReactorContextTestExecutionListener, org.springframework.boot.test.autoconfigure.restdocs.RestDocsTestExecutionListener, org.springframework.boot.test.autoconfigure.web.client.MockRestServiceServerResetTestExecutionListener, org.springframework.boot.test.autoconfigure.web.servlet.MockMvcPrintOnlyOnFailureTestExecutionListener, org.springframework.boot.test.autoconfigure.web.servlet.WebDriverTestExecutionListener, org.springframework.boot.test.mock.mockito.MockitoTestExecutionListener, org.springframework.boot.test.mock.mockito.ResetMocksTestExecutionListener, org.springframework.test.context.web.ServletTestExecutionListener, org.springframework.test.context.support.DirtiesContextBeforeModesTestExecutionListener, org.springframework.test.context.support.DependencyInjectionTestExecutionListener, org.springframework.test.context.support.DirtiesContextTestExecutionListener, org.springframework.test.context.transaction.TransactionalTestExecutionListener, org.springframework.test.context.jdbc.SqlScriptsTestExecutionListener]
2020-12-05 13:19:49,339 INFO org.springframework.test.context.support.AbstractTestContextBootstrapper [Test worker] Using TestExecutionListeners: [org.springframework.test.context.web.ServletTestExecutionListener@1bf51259, org.springframework.test.context.support.DirtiesContextBeforeModesTestExecutionListener@347ca1a3, org.springframework.boot.test.mock.mockito.MockitoTestExecutionListener@20af9195, org.springframework.boot.test.autoconfigure.SpringBootDependencyInjectionTestExecutionListener@3ed43deb, org.springframework.test.context.support.DirtiesContextTestExecutionListener@d8087b2, org.springframework.test.context.transaction.TransactionalTestExecutionListener@5c204e18, org.springframework.test.context.jdbc.SqlScriptsTestExecutionListener@5f4f30, org.springframework.security.test.context.support.WithSecurityContextTestExecutionListener@1ffb01b5, org.springframework.security.test.context.support.ReactorContextTestExecutionListener@164fa8ef, org.springframework.boot.test.autoconfigure.restdocs.RestDocsTestExecutionListener@48c174b0, org.springframework.boot.test.autoconfigure.web.client.MockRestServiceServerResetTestExecutionListener@329d8457, org.springframework.boot.test.autoconfigure.web.servlet.MockMvcPrintOnlyOnFailureTestExecutionListener@75accd18, org.springframework.boot.test.autoconfigure.web.servlet.WebDriverTestExecutionListener@1ecf1b92, org.springframework.boot.test.mock.mockito.ResetMocksTestExecutionListener@5d68880f]
2020-12-05 13:19:49,364 INFO org.springframework.test.context.support.AbstractTestContextBootstrapper [Test worker] Neither @ContextConfiguration nor @ContextHierarchy found for test class [com.softserve.booksCatalogPrototype.controller.ReviewControllerTest], using SpringBootContextLoader
2020-12-05 13:19:49,367 INFO org.springframework.test.context.support.AbstractContextLoader [Test worker] Could not detect default resource locations for test class [com.softserve.booksCatalogPrototype.controller.ReviewControllerTest]: no resource found for suffixes {-context.xml, Context.groovy}.
2020-12-05 13:19:49,370 INFO org.springframework.test.context.support.AbstractTestContextBootstrapper [Test worker] Loaded default TestExecutionListener class names from location [META-INF/spring.factories]: [org.springframework.security.test.context.support.WithSecurityContextTestExecutionListener, org.springframework.security.test.context.support.ReactorContextTestExecutionListener, org.springframework.boot.test.autoconfigure.restdocs.RestDocsTestExecutionListener, org.springframework.boot.test.autoconfigure.web.client.MockRestServiceServerResetTestExecutionListener, org.springframework.boot.test.autoconfigure.web.servlet.MockMvcPrintOnlyOnFailureTestExecutionListener, org.springframework.boot.test.autoconfigure.web.servlet.WebDriverTestExecutionListener, org.springframework.boot.test.mock.mockito.MockitoTestExecutionListener, org.springframework.boot.test.mock.mockito.ResetMocksTestExecutionListener, org.springframework.test.context.web.ServletTestExecutionListener, org.springframework.test.context.support.DirtiesContextBeforeModesTestExecutionListener, org.springframework.test.context.support.DependencyInjectionTestExecutionListener, org.springframework.test.context.support.DirtiesContextTestExecutionListener, org.springframework.test.context.transaction.TransactionalTestExecutionListener, org.springframework.test.context.jdbc.SqlScriptsTestExecutionListener]
2020-12-05 13:19:49,370 INFO org.springframework.test.context.support.AbstractTestContextBootstrapper [Test worker] Using TestExecutionListeners: [org.springframework.test.context.web.ServletTestExecutionListener@11696d1f, org.springframework.test.context.support.DirtiesContextBeforeModesTestExecutionListener@6b570c0a, org.springframework.boot.test.mock.mockito.MockitoTestExecutionListener@760814f4, org.springframework.boot.test.autoconfigure.SpringBootDependencyInjectionTestExecutionListener@7e663d39, org.springframework.test.context.support.DirtiesContextTestExecutionListener@24bda67f, org.springframework.test.context.transaction.TransactionalTestExecutionListener@77d9d9be, org.springframework.test.context.jdbc.SqlScriptsTestExecutionListener@4140dc05, org.springframework.security.test.context.support.WithSecurityContextTestExecutionListener@e80bee1, org.springframework.security.test.context.support.ReactorContextTestExecutionListener@47477f10, org.springframework.boot.test.autoconfigure.restdocs.RestDocsTestExecutionListener@7e6a5a6f, org.springframework.boot.test.autoconfigure.web.client.MockRestServiceServerResetTestExecutionListener@390d1153, org.springframework.boot.test.autoconfigure.web.servlet.MockMvcPrintOnlyOnFailureTestExecutionListener@32f1d725, org.springframework.boot.test.autoconfigure.web.servlet.WebDriverTestExecutionListener@4eb28194, org.springframework.boot.test.mock.mockito.ResetMocksTestExecutionListener@62a7130f]
2020-12-05 13:19:49,383 INFO com.softserve.booksCatalogPrototype.controller.AuthenticationController [Test worker] In login method.
2020-12-05 13:19:49,544 INFO com.softserve.booksCatalogPrototype.controller.ReviewController [http-nio-auto-1-exec-4] In addReview method.
2020-12-05 13:19:49,616 INFO com.softserve.booksCatalogPrototype.service.BookServiceImpl [http-nio-auto-1-exec-4] Book Book(isbn=5fcbcf45e90a681e603e7ebd, name=Book, yearPublished=Sat Dec 05 13:19:49 EST 2020, publisher=Publisher(companyName=Cisco), creationDate=Sat Dec 05 13:19:49 EST 2020, rate=0.0, totalVoteCount=0, authors=[], reviews=[Review(id=5fcbcf45e90a681e603e7ebe, commenterName=Vadim, comment=hellooo everybody, responses=[], creationDate=Sat Dec 05 13:19:49 EST 2020)]) is saved
2020-12-05 13:19:49,617 INFO com.softserve.booksCatalogPrototype.service.ReviewServiceImpl [http-nio-auto-1-exec-4] Review Review(id=5fcbcf45e90a681e603e7ebe, commenterName=Vadim, comment=hellooo everybody, responses=[], creationDate=Sat Dec 05 13:19:49 EST 2020) is saved
2020-12-05 13:19:49,680 INFO com.softserve.booksCatalogPrototype.controller.AuthenticationController [Test worker] In login method.
2020-12-05 13:19:49,825 INFO com.softserve.booksCatalogPrototype.controller.ReviewController [http-nio-auto-1-exec-5] In addReview method.
2020-12-05 13:19:49,858 INFO com.softserve.booksCatalogPrototype.service.BookServiceImpl [http-nio-auto-1-exec-5] Book Book(isbn=5fcbcf45e90a681e603e7ebf, name=Book, yearPublished=Sat Dec 05 13:19:49 EST 2020, publisher=Publisher(companyName=Cisco), creationDate=Sat Dec 05 13:19:49 EST 2020, rate=0.0, totalVoteCount=0, authors=[], reviews=[Review(id=5fcbcf45e90a681e603e7ec0, commenterName=review, comment=review, responses=[], creationDate=Sat Dec 05 13:19:49 EST 2020)]) is saved
2020-12-05 13:19:49,859 INFO com.softserve.booksCatalogPrototype.service.ReviewServiceImpl [http-nio-auto-1-exec-5] Review Review(id=5fcbcf45e90a681e603e7ec0, commenterName=review, comment=review, responses=[], creationDate=Sat Dec 05 13:19:49 EST 2020) is saved
2020-12-05 13:19:49,875 INFO com.softserve.booksCatalogPrototype.controller.ReviewController [http-nio-auto-1-exec-6] In addResponse method.
2020-12-05 13:19:49,889 INFO com.softserve.booksCatalogPrototype.service.ReviewServiceImpl [http-nio-auto-1-exec-6] Response Review(id=5fcbcf45e90a681e603e7ec1, commenterName=Vlad, comment=bye, responses=[], creationDate=Sat Dec 05 13:19:49 EST 2020) is saved
2020-12-05 13:19:49,928 INFO com.softserve.booksCatalogPrototype.controller.AuthenticationController [Test worker] In login method.
2020-12-05 13:19:50,047 INFO com.softserve.booksCatalogPrototype.controller.ReviewController [http-nio-auto-1-exec-7] In addReview method.
2020-12-05 13:19:50,074 INFO com.softserve.booksCatalogPrototype.service.BookServiceImpl [http-nio-auto-1-exec-7] Book Book(isbn=5fcbcf46e90a681e603e7ec2, name=Book, yearPublished=Sat Dec 05 13:19:50 EST 2020, publisher=Publisher(companyName=Cisco), creationDate=Sat Dec 05 13:19:50 EST 2020, rate=0.0, totalVoteCount=0, authors=[], reviews=[Review(id=5fcbcf46e90a681e603e7ec3, commenterName=review, comment=review, responses=[], creationDate=Sat Dec 05 13:19:50 EST 2020)]) is saved
2020-12-05 13:19:50,075 INFO com.softserve.booksCatalogPrototype.service.ReviewServiceImpl [http-nio-auto-1-exec-7] Review Review(id=5fcbcf46e90a681e603e7ec3, commenterName=review, comment=review, responses=[], creationDate=Sat Dec 05 13:19:50 EST 2020) is saved
2020-12-05 13:19:50,087 INFO com.softserve.booksCatalogPrototype.controller.ReviewController [http-nio-auto-1-exec-8] In update method.
2020-12-05 13:19:50,125 INFO com.softserve.booksCatalogPrototype.controller.AuthenticationController [Test worker] In login method.
2020-12-05 13:19:50,271 INFO com.softserve.booksCatalogPrototype.controller.ReviewController [http-nio-auto-1-exec-9] In addReview method.
2020-12-05 13:19:50,299 INFO com.softserve.booksCatalogPrototype.service.BookServiceImpl [http-nio-auto-1-exec-9] Book Book(isbn=5fcbcf46e90a681e603e7ec4, name=Book, yearPublished=Sat Dec 05 13:19:50 EST 2020, publisher=Publisher(companyName=Cisco), creationDate=Sat Dec 05 13:19:50 EST 2020, rate=0.0, totalVoteCount=0, authors=[], reviews=[Review(id=5fcbcf46e90a681e603e7ec5, commenterName=Vlad, comment=blabla, responses=[], creationDate=Sat Dec 05 13:19:50 EST 2020)]) is saved
2020-12-05 13:19:50,300 INFO com.softserve.booksCatalogPrototype.service.ReviewServiceImpl [http-nio-auto-1-exec-9] Review Review(id=5fcbcf46e90a681e603e7ec5, commenterName=Vlad, comment=blabla, responses=[], creationDate=Sat Dec 05 13:19:50 EST 2020) is saved
2020-12-05 13:19:50,309 INFO com.softserve.booksCatalogPrototype.controller.ReviewController [http-nio-auto-1-exec-10] In addResponse method.
2020-12-05 13:19:50,341 INFO com.softserve.booksCatalogPrototype.controller.AuthenticationController [Test worker] In login method.
2020-12-05 13:19:50,495 INFO com.softserve.booksCatalogPrototype.controller.ReviewController [http-nio-auto-1-exec-1] In addReview method.
2020-12-05 13:19:50,523 INFO com.softserve.booksCatalogPrototype.service.BookServiceImpl [http-nio-auto-1-exec-1] Book Book(isbn=5fcbcf46e90a681e603e7ec6, name=Book, yearPublished=Sat Dec 05 13:19:50 EST 2020, publisher=Publisher(companyName=Cisco), creationDate=Sat Dec 05 13:19:50 EST 2020, rate=0.0, totalVoteCount=0, authors=[], reviews=[Review(id=5fcbcf46e90a681e603e7ec7, commenterName=review, comment=review, responses=[], creationDate=Sat Dec 05 13:19:50 EST 2020)]) is saved
2020-12-05 13:19:50,524 INFO com.softserve.booksCatalogPrototype.service.ReviewServiceImpl [http-nio-auto-1-exec-1] Review Review(id=5fcbcf46e90a681e603e7ec7, commenterName=review, comment=review, responses=[], creationDate=Sat Dec 05 13:19:50 EST 2020) is saved
2020-12-05 13:19:50,537 INFO com.softserve.booksCatalogPrototype.controller.ReviewController [http-nio-auto-1-exec-2] In addResponse method.
2020-12-05 13:19:50,547 INFO com.softserve.booksCatalogPrototype.service.ReviewServiceImpl [http-nio-auto-1-exec-2] Response Review(id=5fcbcf46e90a681e603e7ec8, commenterName=some response, comment=some comment, responses=[], creationDate=Sat Dec 05 13:19:50 EST 2020) is saved
2020-12-05 13:19:50,557 INFO com.softserve.booksCatalogPrototype.controller.ReviewController [http-nio-auto-1-exec-3] In deleteResponse method.
2020-12-05 13:19:50,565 INFO com.softserve.booksCatalogPrototype.service.ReviewServiceImpl [http-nio-auto-1-exec-3] Response with id 5fcbcf46e90a681e603e7ec8 is deleted
2020-12-05 13:19:50,593 INFO com.softserve.booksCatalogPrototype.controller.AuthenticationController [Test worker] In login method.
2020-12-05 13:19:50,714 INFO com.softserve.booksCatalogPrototype.controller.ReviewController [http-nio-auto-1-exec-4] In addReview method.
2020-12-05 13:19:50,740 INFO com.softserve.booksCatalogPrototype.service.BookServiceImpl [http-nio-auto-1-exec-4] Book Book(isbn=5fcbcf46e90a681e603e7ec9, name=Book, yearPublished=Sat Dec 05 13:19:50 EST 2020, publisher=Publisher(companyName=Cisco), creationDate=Sat Dec 05 13:19:50 EST 2020, rate=0.0, totalVoteCount=0, authors=[], reviews=[Review(id=5fcbcf46e90a681e603e7eca, commenterName=some, comment=text, responses=[], creationDate=Sat Dec 05 13:19:50 EST 2020)]) is saved
2020-12-05 13:19:50,741 INFO com.softserve.booksCatalogPrototype.service.ReviewServiceImpl [http-nio-auto-1-exec-4] Review Review(id=5fcbcf46e90a681e603e7eca, commenterName=some, comment=text, responses=[], creationDate=Sat Dec 05 13:19:50 EST 2020) is saved
2020-12-05 13:19:50,761 INFO com.softserve.booksCatalogPrototype.controller.ReviewController [http-nio-auto-1-exec-5] In addReview method.
2020-12-05 13:19:50,773 INFO com.softserve.booksCatalogPrototype.service.BookServiceImpl [http-nio-auto-1-exec-5] Book Book(isbn=5fcbcf46e90a681e603e7ec9, name=Book, yearPublished=Sat Dec 05 13:19:50 EST 2020, publisher=Publisher(companyName=Cisco), creationDate=Sat Dec 05 13:19:50 EST 2020, rate=0.0, totalVoteCount=0, authors=[], reviews=[Review(id=5fcbcf46e90a681e603e7eca, commenterName=some, comment=text, responses=[], creationDate=Sat Dec 05 13:19:50 EST 2020), Review(id=5fcbcf46e90a681e603e7ecb, commenterName=some, comment=text, responses=[], creationDate=Sat Dec 05 13:19:50 EST 2020)]) is saved
2020-12-05 13:19:50,774 INFO com.softserve.booksCatalogPrototype.service.ReviewServiceImpl [http-nio-auto-1-exec-5] Review Review(id=5fcbcf46e90a681e603e7ecb, commenterName=some, comment=text, responses=[], creationDate=Sat Dec 05 13:19:50 EST 2020) is saved
2020-12-05 13:19:50,786 INFO com.softserve.booksCatalogPrototype.controller.ReviewController [http-nio-auto-1-exec-6] In addReview method.
2020-12-05 13:19:50,804 INFO com.softserve.booksCatalogPrototype.service.BookServiceImpl [http-nio-auto-1-exec-6] Book Book(isbn=5fcbcf46e90a681e603e7ec9, name=Book, yearPublished=Sat Dec 05 13:19:50 EST 2020, publisher=Publisher(companyName=Cisco), creationDate=Sat Dec 05 13:19:50 EST 2020, rate=0.0, totalVoteCount=0, authors=[], reviews=[Review(id=5fcbcf46e90a681e603e7eca, commenterName=some, comment=text, responses=[], creationDate=Sat Dec 05 13:19:50 EST 2020), Review(id=5fcbcf46e90a681e603e7ecb, commenterName=some, comment=text, responses=[], creationDate=Sat Dec 05 13:19:50 EST 2020), Review(id=5fcbcf46e90a681e603e7ecc, commenterName=some, comment=text, responses=[], creationDate=Sat Dec 05 13:19:50 EST 2020)]) is saved
2020-12-05 13:19:50,804 INFO com.softserve.booksCatalogPrototype.service.ReviewServiceImpl [http-nio-auto-1-exec-6] Review Review(id=5fcbcf46e90a681e603e7ecc, commenterName=some, comment=text, responses=[], creationDate=Sat Dec 05 13:19:50 EST 2020) is saved
2020-12-05 13:19:50,819 INFO com.softserve.booksCatalogPrototype.controller.ReviewController [http-nio-auto-1-exec-7] In addReview method.
2020-12-05 13:19:50,834 INFO com.softserve.booksCatalogPrototype.service.BookServiceImpl [http-nio-auto-1-exec-7] Book Book(isbn=5fcbcf46e90a681e603e7ec9, name=Book, yearPublished=Sat Dec 05 13:19:50 EST 2020, publisher=Publisher(companyName=Cisco), creationDate=Sat Dec 05 13:19:50 EST 2020, rate=0.0, totalVoteCount=0, authors=[], reviews=[Review(id=5fcbcf46e90a681e603e7eca, commenterName=some, comment=text, responses=[], creationDate=Sat Dec 05 13:19:50 EST 2020), Review(id=5fcbcf46e90a681e603e7ecb, commenterName=some, comment=text, responses=[], creationDate=Sat Dec 05 13:19:50 EST 2020), Review(id=5fcbcf46e90a681e603e7ecc, commenterName=some, comment=text, responses=[], creationDate=Sat Dec 05 13:19:50 EST 2020), Review(id=5fcbcf46e90a681e603e7ecd, commenterName=some, comment=text, responses=[], creationDate=Sat Dec 05 13:19:50 EST 2020)]) is saved
2020-12-05 13:19:50,834 INFO com.softserve.booksCatalogPrototype.service.ReviewServiceImpl [http-nio-auto-1-exec-7] Review Review(id=5fcbcf46e90a681e603e7ecd, commenterName=some, comment=text, responses=[], creationDate=Sat Dec 05 13:19:50 EST 2020) is saved
2020-12-05 13:19:50,845 INFO com.softserve.booksCatalogPrototype.controller.ReviewController [http-nio-auto-1-exec-8] In addReview method.
2020-12-05 13:19:50,865 INFO com.softserve.booksCatalogPrototype.service.BookServiceImpl [http-nio-auto-1-exec-8] Book Book(isbn=5fcbcf46e90a681e603e7ec9, name=Book, yearPublished=Sat Dec 05 13:19:50 EST 2020, publisher=Publisher(companyName=Cisco), creationDate=Sat Dec 05 13:19:50 EST 2020, rate=0.0, totalVoteCount=0, authors=[], reviews=[Review(id=5fcbcf46e90a681e603e7eca, commenterName=some, comment=text, responses=[], creationDate=Sat Dec 05 13:19:50 EST 2020), Review(id=5fcbcf46e90a681e603e7ecb, commenterName=some, comment=text, responses=[], creationDate=Sat Dec 05 13:19:50 EST 2020), Review(id=5fcbcf46e90a681e603e7ecc, commenterName=some, comment=text, responses=[], creationDate=Sat Dec 05 13:19:50 EST 2020), Review(id=5fcbcf46e90a681e603e7ecd, commenterName=some, comment=text, responses=[], creationDate=Sat Dec 05 13:19:50 EST 2020), Review(id=5fcbcf46e90a681e603e7ece, commenterName=some, comment=text, responses=[], creationDate=Sat Dec 05 13:19:50 EST 2020)]) is saved
2020-12-05 13:19:50,865 INFO com.softserve.booksCatalogPrototype.service.ReviewServiceImpl [http-nio-auto-1-exec-8] Review Review(id=5fcbcf46e90a681e603e7ece, commenterName=some, comment=text, responses=[], creationDate=Sat Dec 05 13:19:50 EST 2020) is saved
2020-12-05 13:19:50,877 INFO com.softserve.booksCatalogPrototype.controller.ReviewController [http-nio-auto-1-exec-9] In addReview method.
2020-12-05 13:19:50,896 INFO com.softserve.booksCatalogPrototype.service.BookServiceImpl [http-nio-auto-1-exec-9] Book Book(isbn=5fcbcf46e90a681e603e7ec9, name=Book, yearPublished=Sat Dec 05 13:19:50 EST 2020, publisher=Publisher(companyName=Cisco), creationDate=Sat Dec 05 13:19:50 EST 2020, rate=0.0, totalVoteCount=0, authors=[], reviews=[Review(id=5fcbcf46e90a681e603e7eca, commenterName=some, comment=text, responses=[], creationDate=Sat Dec 05 13:19:50 EST 2020), Review(id=5fcbcf46e90a681e603e7ecb, commenterName=some, comment=text, responses=[], creationDate=Sat Dec 05 13:19:50 EST 2020), Review(id=5fcbcf46e90a681e603e7ecc, commenterName=some, comment=text, responses=[], creationDate=Sat Dec 05 13:19:50 EST 2020), Review(id=5fcbcf46e90a681e603e7ecd, commenterName=some, comment=text, responses=[], creationDate=Sat Dec 05 13:19:50 EST 2020), Review(id=5fcbcf46e90a681e603e7ece, commenterName=some, comment=text, responses=[], creationDate=Sat Dec 05 13:19:50 EST 2020), Review(id=5fcbcf46e90a681e603e7ecf, commenterName=some, comment=text, responses=[], creationDate=Sat Dec 05 13:19:50 EST 2020)]) is saved
2020-12-05 13:19:50,897 INFO com.softserve.booksCatalogPrototype.service.ReviewServiceImpl [http-nio-auto-1-exec-9] Review Review(id=5fcbcf46e90a681e603e7ecf, commenterName=some, comment=text, responses=[], creationDate=Sat Dec 05 13:19:50 EST 2020) is saved
2020-12-05 13:19:50,910 INFO com.softserve.booksCatalogPrototype.controller.ReviewController [http-nio-auto-1-exec-10] In addReview method.
2020-12-05 13:19:50,926 INFO com.softserve.booksCatalogPrototype.service.BookServiceImpl [http-nio-auto-1-exec-10] Book Book(isbn=5fcbcf46e90a681e603e7ec9, name=Book, yearPublished=Sat Dec 05 13:19:50 EST 2020, publisher=Publisher(companyName=Cisco), creationDate=Sat Dec 05 13:19:50 EST 2020, rate=0.0, totalVoteCount=0, authors=[], reviews=[Review(id=5fcbcf46e90a681e603e7eca, commenterName=some, comment=text, responses=[], creationDate=Sat Dec 05 13:19:50 EST 2020), Review(id=5fcbcf46e90a681e603e7ecb, commenterName=some, comment=text, responses=[], creationDate=Sat Dec 05 13:19:50 EST 2020), Review(id=5fcbcf46e90a681e603e7ecc, commenterName=some, comment=text, responses=[], creationDate=Sat Dec 05 13:19:50 EST 2020), Review(id=5fcbcf46e90a681e603e7ecd, commenterName=some, comment=text, responses=[], creationDate=Sat Dec 05 13:19:50 EST 2020), Review(id=5fcbcf46e90a681e603e7ece, commenterName=some, comment=text, responses=[], creationDate=Sat Dec 05 13:19:50 EST 2020), Review(id=5fcbcf46e90a681e603e7ecf, commenterName=some, comment=text, responses=[], creationDate=Sat Dec 05 13:19:50 EST 2020), Review(id=5fcbcf46e90a681e603e7ed0, commenterName=some, comment=text, responses=[], creationDate=Sat Dec 05 13:19:50 EST 2020)]) is saved
2020-12-05 13:19:50,927 INFO com.softserve.booksCatalogPrototype.service.ReviewServiceImpl [http-nio-auto-1-exec-10] Review Review(id=5fcbcf46e90a681e603e7ed0, commenterName=some, comment=text, responses=[], creationDate=Sat Dec 05 13:19:50 EST 2020) is saved
2020-12-05 13:19:50,954 INFO com.softserve.booksCatalogPrototype.controller.ReviewController [http-nio-auto-1-exec-1] In addReview method.
2020-12-05 13:19:50,977 INFO com.softserve.booksCatalogPrototype.service.BookServiceImpl [http-nio-auto-1-exec-1] Book Book(isbn=5fcbcf46e90a681e603e7ec9, name=Book, yearPublished=Sat Dec 05 13:19:50 EST 2020, publisher=Publisher(companyName=Cisco), creationDate=Sat Dec 05 13:19:50 EST 2020, rate=0.0, totalVoteCount=0, authors=[], reviews=[Review(id=5fcbcf46e90a681e603e7eca, commenterName=some, comment=text, responses=[], creationDate=Sat Dec 05 13:19:50 EST 2020), Review(id=5fcbcf46e90a681e603e7ecb, commenterName=some, comment=text, responses=[], creationDate=Sat Dec 05 13:19:50 EST 2020), Review(id=5fcbcf46e90a681e603e7ecc, commenterName=some, comment=text, responses=[], creationDate=Sat Dec 05 13:19:50 EST 2020), Review(id=5fcbcf46e90a681e603e7ecd, commenterName=some, comment=text, responses=[], creationDate=Sat Dec 05 13:19:50 EST 2020), Review(id=5fcbcf46e90a681e603e7ece, commenterName=some, comment=text, responses=[], creationDate=Sat Dec 05 13:19:50 EST 2020), Review(id=5fcbcf46e90a681e603e7ecf, commenterName=some, comment=text, responses=[], creationDate=Sat Dec 05 13:19:50 EST 2020), Review(id=5fcbcf46e90a681e603e7ed0, commenterName=some, comment=text, responses=[], creationDate=Sat Dec 05 13:19:50 EST 2020), Review(id=5fcbcf46e90a681e603e7ed1, commenterName=some, comment=text, responses=[], creationDate=Sat Dec 05 13:19:50 EST 2020)]) is saved
2020-12-05 13:19:50,978 INFO com.softserve.booksCatalogPrototype.service.ReviewServiceImpl [http-nio-auto-1-exec-1] Review Review(id=5fcbcf46e90a681e603e7ed1, commenterName=some, comment=text, responses=[], creationDate=Sat Dec 05 13:19:50 EST 2020) is saved
2020-12-05 13:19:50,989 INFO com.softserve.booksCatalogPrototype.controller.ReviewController [http-nio-auto-1-exec-2] In addReview method.
2020-12-05 13:19:51,009 INFO com.softserve.booksCatalogPrototype.service.BookServiceImpl [http-nio-auto-1-exec-2] Book Book(isbn=5fcbcf46e90a681e603e7ec9, name=Book, yearPublished=Sat Dec 05 13:19:50 EST 2020, publisher=Publisher(companyName=Cisco), creationDate=Sat Dec 05 13:19:50 EST 2020, rate=0.0, totalVoteCount=0, authors=[], reviews=[Review(id=5fcbcf46e90a681e603e7eca, commenterName=some, comment=text, responses=[], creationDate=Sat Dec 05 13:19:50 EST 2020), Review(id=5fcbcf46e90a681e603e7ecb, commenterName=some, comment=text, responses=[], creationDate=Sat Dec 05 13:19:50 EST 2020), Review(id=5fcbcf46e90a681e603e7ecc, commenterName=some, comment=text, responses=[], creationDate=Sat Dec 05 13:19:50 EST 2020), Review(id=5fcbcf46e90a681e603e7ecd, commenterName=some, comment=text, responses=[], creationDate=Sat Dec 05 13:19:50 EST 2020), Review(id=5fcbcf46e90a681e603e7ece, commenterName=some, comment=text, responses=[], creationDate=Sat Dec 05 13:19:50 EST 2020), Review(id=5fcbcf46e90a681e603e7ecf, commenterName=some, comment=text, responses=[], creationDate=Sat Dec 05 13:19:50 EST 2020), Review(id=5fcbcf46e90a681e603e7ed0, commenterName=some, comment=text, responses=[], creationDate=Sat Dec 05 13:19:50 EST 2020), Review(id=5fcbcf46e90a681e603e7ed1, commenterName=some, comment=text, responses=[], creationDate=Sat Dec 05 13:19:50 EST 2020), Review(id=5fcbcf46e90a681e603e7ed2, commenterName=some, comment=text, responses=[], creationDate=Sat Dec 05 13:19:50 EST 2020)]) is saved
2020-12-05 13:19:51,009 INFO com.softserve.booksCatalogPrototype.service.ReviewServiceImpl [http-nio-auto-1-exec-2] Review Review(id=5fcbcf46e90a681e603e7ed2, commenterName=some, comment=text, responses=[], creationDate=Sat Dec 05 13:19:50 EST 2020) is saved
2020-12-05 13:19:51,023 INFO com.softserve.booksCatalogPrototype.controller.ReviewController [http-nio-auto-1-exec-3] In addReview method.
2020-12-05 13:19:51,049 INFO com.softserve.booksCatalogPrototype.service.BookServiceImpl [http-nio-auto-1-exec-3] Book Book(isbn=5fcbcf46e90a681e603e7ec9, name=Book, yearPublished=Sat Dec 05 13:19:50 EST 2020, publisher=Publisher(companyName=Cisco), creationDate=Sat Dec 05 13:19:50 EST 2020, rate=0.0, totalVoteCount=0, authors=[], reviews=[Review(id=5fcbcf46e90a681e603e7eca, commenterName=some, comment=text, responses=[], creationDate=Sat Dec 05 13:19:50 EST 2020), Review(id=5fcbcf46e90a681e603e7ecb, commenterName=some, comment=text, responses=[], creationDate=Sat Dec 05 13:19:50 EST 2020), Review(id=5fcbcf46e90a681e603e7ecc, commenterName=some, comment=text, responses=[], creationDate=Sat Dec 05 13:19:50 EST 2020), Review(id=5fcbcf46e90a681e603e7ecd, commenterName=some, comment=text, responses=[], creationDate=Sat Dec 05 13:19:50 EST 2020), Review(id=5fcbcf46e90a681e603e7ece, commenterName=some, comment=text, responses=[], creationDate=Sat Dec 05 13:19:50 EST 2020), Review(id=5fcbcf46e90a681e603e7ecf, commenterName=some, comment=text, responses=[], creationDate=Sat Dec 05 13:19:50 EST 2020), Review(id=5fcbcf46e90a681e603e7ed0, commenterName=some, comment=text, responses=[], creationDate=Sat Dec 05 13:19:50 EST 2020), Review(id=5fcbcf46e90a681e603e7ed1, commenterName=some, comment=text, responses=[], creationDate=Sat Dec 05 13:19:50 EST 2020), Review(id=5fcbcf46e90a681e603e7ed2, commenterName=some, comment=text, responses=[], creationDate=Sat Dec 05 13:19:50 EST 2020), Review(id=5fcbcf47e90a681e603e7ed3, commenterName=some, comment=text, responses=[], creationDate=Sat Dec 05 13:19:51 EST 2020)]) is saved
2020-12-05 13:19:51,049 INFO com.softserve.booksCatalogPrototype.service.ReviewServiceImpl [http-nio-auto-1-exec-3] Review Review(id=5fcbcf47e90a681e603e7ed3, commenterName=some, comment=text, responses=[], creationDate=Sat Dec 05 13:19:51 EST 2020) is saved
2020-12-05 13:19:51,059 INFO com.softserve.booksCatalogPrototype.controller.ReviewController [http-nio-auto-1-exec-4] In allReviews method.
2020-12-05 13:19:51,097 INFO com.softserve.booksCatalogPrototype.controller.AuthenticationController [Test worker] In login method.
2020-12-05 13:19:51,210 INFO com.softserve.booksCatalogPrototype.controller.ReviewController [http-nio-auto-1-exec-5] In addReview method.
2020-12-05 13:19:51,235 INFO com.softserve.booksCatalogPrototype.service.BookServiceImpl [http-nio-auto-1-exec-5] Book Book(isbn=5fcbcf47e90a681e603e7ed4, name=Book, yearPublished=Sat Dec 05 13:19:51 EST 2020, publisher=Publisher(companyName=Cisco), creationDate=Sat Dec 05 13:19:51 EST 2020, rate=0.0, totalVoteCount=0, authors=[], reviews=[Review(id=5fcbcf47e90a681e603e7ed5, commenterName=review, comment=review, responses=[], creationDate=Sat Dec 05 13:19:51 EST 2020)]) is saved
2020-12-05 13:19:51,235 INFO com.softserve.booksCatalogPrototype.service.ReviewServiceImpl [http-nio-auto-1-exec-5] Review Review(id=5fcbcf47e90a681e603e7ed5, commenterName=review, comment=review, responses=[], creationDate=Sat Dec 05 13:19:51 EST 2020) is saved
2020-12-05 13:19:51,242 INFO com.softserve.booksCatalogPrototype.controller.ReviewController [http-nio-auto-1-exec-6] In deleteReview method.
2020-12-05 13:19:51,253 INFO com.softserve.booksCatalogPrototype.service.BookServiceImpl [http-nio-auto-1-exec-6] Book Book(isbn=5fcbcf47e90a681e603e7ed4, name=Book, yearPublished=Sat Dec 05 13:19:51 EST 2020, publisher=Publisher(companyName=Cisco), creationDate=Sat Dec 05 13:19:51 EST 2020, rate=0.0, totalVoteCount=0, authors=[], reviews=[]) is saved
2020-12-05 13:19:51,254 INFO com.softserve.booksCatalogPrototype.service.ReviewServiceImpl [http-nio-auto-1-exec-6] Review with id 5fcbcf47e90a681e603e7ed5 is deleted
2020-12-05 13:19:51,284 INFO com.softserve.booksCatalogPrototype.controller.AuthenticationController [Test worker] In login method.
2020-12-05 13:19:51,404 INFO com.softserve.booksCatalogPrototype.controller.ReviewController [http-nio-auto-1-exec-7] In addReview method.
2020-12-05 13:19:51,439 INFO com.softserve.booksCatalogPrototype.service.BookServiceImpl [http-nio-auto-1-exec-7] Book Book(isbn=5fcbcf47e90a681e603e7ed6, name=Book, yearPublished=Sat Dec 05 13:19:51 EST 2020, publisher=Publisher(companyName=Cisco), creationDate=Sat Dec 05 13:19:51 EST 2020, rate=0.0, totalVoteCount=0, authors=[], reviews=[Review(id=5fcbcf47e90a681e603e7ed7, commenterName=review, comment=review, responses=[], creationDate=Sat Dec 05 13:19:51 EST 2020)]) is saved
2020-12-05 13:19:51,440 INFO com.softserve.booksCatalogPrototype.service.ReviewServiceImpl [http-nio-auto-1-exec-7] Review Review(id=5fcbcf47e90a681e603e7ed7, commenterName=review, comment=review, responses=[], creationDate=Sat Dec 05 13:19:51 EST 2020) is saved
2020-12-05 13:19:51,454 INFO com.softserve.booksCatalogPrototype.controller.ReviewController [http-nio-auto-1-exec-8] In addResponse method.
2020-12-05 13:19:51,461 INFO com.softserve.booksCatalogPrototype.service.ReviewServiceImpl [http-nio-auto-1-exec-8] Response Review(id=5fcbcf47e90a681e603e7ed8, commenterName=some, comment=text, responses=[], creationDate=Sat Dec 05 13:19:51 EST 2020) is saved
2020-12-05 13:19:51,471 INFO com.softserve.booksCatalogPrototype.controller.ReviewController [http-nio-auto-1-exec-9] In addResponse method.
2020-12-05 13:19:51,479 INFO com.softserve.booksCatalogPrototype.service.ReviewServiceImpl [http-nio-auto-1-exec-9] Response Review(id=5fcbcf47e90a681e603e7ed9, commenterName=some, comment=text, responses=[], creationDate=Sat Dec 05 13:19:51 EST 2020) is saved
2020-12-05 13:19:51,487 INFO com.softserve.booksCatalogPrototype.controller.ReviewController [http-nio-auto-1-exec-10] In addResponse method.
2020-12-05 13:19:51,498 INFO com.softserve.booksCatalogPrototype.service.ReviewServiceImpl [http-nio-auto-1-exec-10] Response Review(id=5fcbcf47e90a681e603e7eda, commenterName=some, comment=text, responses=[], creationDate=Sat Dec 05 13:19:51 EST 2020) is saved
2020-12-05 13:19:51,511 INFO com.softserve.booksCatalogPrototype.controller.ReviewController [http-nio-auto-1-exec-1] In addResponse method.
2020-12-05 13:19:51,524 INFO com.softserve.booksCatalogPrototype.service.ReviewServiceImpl [http-nio-auto-1-exec-1] Response Review(id=5fcbcf47e90a681e603e7edb, commenterName=some, comment=text, responses=[], creationDate=Sat Dec 05 13:19:51 EST 2020) is saved
2020-12-05 13:19:51,533 INFO com.softserve.booksCatalogPrototype.controller.ReviewController [http-nio-auto-1-exec-2] In addResponse method.
2020-12-05 13:19:51,547 INFO com.softserve.booksCatalogPrototype.service.ReviewServiceImpl [http-nio-auto-1-exec-2] Response Review(id=5fcbcf47e90a681e603e7edc, commenterName=some, comment=text, responses=[], creationDate=Sat Dec 05 13:19:51 EST 2020) is saved
2020-12-05 13:19:51,560 INFO com.softserve.booksCatalogPrototype.controller.ReviewController [http-nio-auto-1-exec-3] In addResponse method.
2020-12-05 13:19:51,579 INFO com.softserve.booksCatalogPrototype.service.ReviewServiceImpl [http-nio-auto-1-exec-3] Response Review(id=5fcbcf47e90a681e603e7edd, commenterName=some, comment=text, responses=[], creationDate=Sat Dec 05 13:19:51 EST 2020) is saved
2020-12-05 13:19:51,588 INFO com.softserve.booksCatalogPrototype.controller.ReviewController [http-nio-auto-1-exec-4] In addResponse method.
2020-12-05 13:19:51,605 INFO com.softserve.booksCatalogPrototype.service.ReviewServiceImpl [http-nio-auto-1-exec-4] Response Review(id=5fcbcf47e90a681e603e7ede, commenterName=some, comment=text, responses=[], creationDate=Sat Dec 05 13:19:51 EST 2020) is saved
2020-12-05 13:19:51,618 INFO com.softserve.booksCatalogPrototype.controller.ReviewController [http-nio-auto-1-exec-5] In addResponse method.
2020-12-05 13:19:51,636 INFO com.softserve.booksCatalogPrototype.service.ReviewServiceImpl [http-nio-auto-1-exec-5] Response Review(id=5fcbcf47e90a681e603e7edf, commenterName=some, comment=text, responses=[], creationDate=Sat Dec 05 13:19:51 EST 2020) is saved
2020-12-05 13:19:51,644 INFO com.softserve.booksCatalogPrototype.controller.ReviewController [http-nio-auto-1-exec-6] In addResponse method.
2020-12-05 13:19:51,664 INFO com.softserve.booksCatalogPrototype.service.ReviewServiceImpl [http-nio-auto-1-exec-6] Response Review(id=5fcbcf47e90a681e603e7ee0, commenterName=some, comment=text, responses=[], creationDate=Sat Dec 05 13:19:51 EST 2020) is saved
2020-12-05 13:19:51,675 INFO com.softserve.booksCatalogPrototype.controller.ReviewController [http-nio-auto-1-exec-7] In allResponses method.
2020-12-05 13:19:52,388 INFO com.softserve.booksCatalogPrototype.service.AuthorServiceImpl [Test worker] Author Author(id=null, firstName=null, secondName=null, creationDate=null) is saved
2020-12-05 13:19:52,405 INFO com.softserve.booksCatalogPrototype.service.AuthorServiceImpl [Test worker] Author Author(id=null, firstName=null, secondName=null, creationDate=null) is deleted
2020-12-05 13:19:52,411 INFO com.softserve.booksCatalogPrototype.service.AuthorServiceImpl [Test worker] Author Author(id=1, firstName=null, secondName=null, creationDate=null) is deleted
2020-12-05 13:19:52,411 INFO com.softserve.booksCatalogPrototype.service.AuthorServiceImpl [Test worker] Author Author(id=2, firstName=null, secondName=null, creationDate=null) is deleted
2020-12-05 13:19:52,413 INFO com.softserve.booksCatalogPrototype.service.AuthorServiceImpl [Test worker] Author Author(id=4, firstName=null, secondName=null, creationDate=null) is deleted
2020-12-05 13:19:52,550 INFO com.softserve.booksCatalogPrototype.service.ReviewServiceImpl [Test worker] Review Review(id=null, commenterName=name, comment=comment, responses=[], creationDate=null) is saved
2020-12-05 13:19:52,559 INFO com.softserve.booksCatalogPrototype.service.ReviewServiceImpl [Test worker] Review with id id is deleted
2020-12-05 13:19:52,561 INFO com.softserve.booksCatalogPrototype.service.ReviewServiceImpl [Test worker] Response Review(id=null, commenterName=responser, comment=response, responses=[], creationDate=null) is saved
2020-12-05 13:19:52,568 INFO com.softserve.booksCatalogPrototype.service.ReviewServiceImpl [Test worker] Response with id id is deleted
2020-12-05 13:19:52,593 INFO org.springframework.scheduling.concurrent.ExecutorConfigurationSupport [Thread-6] Shutting down ExecutorService 'applicationTaskExecutor'
2020-12-05 13:19:52,606 INFO com.mongodb.diagnostics.logging.SLF4JLogger [Thread-6] Closed connection [connectionId{localValue:2, serverValue:2}] to localhost:27017 because the pool has been closed.
