2019-10-27 14:53:57,860 INFO org.springframework.boot.StartupInfoLogger [restartedMain] Starting BooksCatalogPrototypeApplication on VADYM with PID 1816 (C:\Users\avsim\IdeaProjects\BooksCatalogPrototype\out\production\classes started by avsim in C:\Users\avsim\IdeaProjects\BooksCatalogPrototype)
2019-10-27 14:53:57,871 INFO org.springframework.boot.SpringApplication [restartedMain] No active profile set, falling back to default profiles: default
2019-10-27 14:53:58,417 INFO org.springframework.boot.logging.DeferredLog [restartedMain] Devtools property defaults active! Set 'spring.devtools.add-properties' to 'false' to disable
2019-10-27 14:53:58,421 INFO org.springframework.boot.logging.DeferredLog [restartedMain] For additional web related logging consider setting the 'logging.level.web' property to 'DEBUG'
2019-10-27 14:54:00,943 INFO org.springframework.data.repository.config.RepositoryConfigurationDelegate [restartedMain] Bootstrapping Spring Data repositories in DEFAULT mode.
2019-10-27 14:54:01,097 INFO org.springframework.data.repository.config.RepositoryConfigurationDelegate [restartedMain] Finished Spring Data repository scanning in 147ms. Found 5 repository interfaces.
2019-10-27 14:54:01,768 INFO org.springframework.context.support.PostProcessorRegistrationDelegate$BeanPostProcessorChecker [restartedMain] Bean 'org.springframework.security.config.annotation.configuration.ObjectPostProcessorConfiguration' of type [org.springframework.security.config.annotation.configuration.ObjectPostProcessorConfiguration$$EnhancerBySpringCGLIB$$c6c6179b] is not eligible for getting processed by all BeanPostProcessors (for example: not eligible for auto-proxying)
2019-10-27 14:54:01,776 INFO org.springframework.context.support.PostProcessorRegistrationDelegate$BeanPostProcessorChecker [restartedMain] Bean 'objectPostProcessor' of type [org.springframework.security.config.annotation.configuration.AutowireBeanFactoryObjectPostProcessor] is not eligible for getting processed by all BeanPostProcessors (for example: not eligible for auto-proxying)
2019-10-27 14:54:01,779 INFO org.springframework.context.support.PostProcessorRegistrationDelegate$BeanPostProcessorChecker [restartedMain] Bean 'org.springframework.security.access.expression.method.DefaultMethodSecurityExpressionHandler@442e067e' of type [org.springframework.security.access.expression.method.DefaultMethodSecurityExpressionHandler] is not eligible for getting processed by all BeanPostProcessors (for example: not eligible for auto-proxying)
2019-10-27 14:54:01,784 INFO org.springframework.context.support.PostProcessorRegistrationDelegate$BeanPostProcessorChecker [restartedMain] Bean 'org.springframework.security.config.annotation.method.configuration.GlobalMethodSecurityConfiguration' of type [org.springframework.security.config.annotation.method.configuration.GlobalMethodSecurityConfiguration$$EnhancerBySpringCGLIB$$eb9aba4d] is not eligible for getting processed by all BeanPostProcessors (for example: not eligible for auto-proxying)
2019-10-27 14:54:01,789 INFO org.springframework.context.support.PostProcessorRegistrationDelegate$BeanPostProcessorChecker [restartedMain] Bean 'methodSecurityMetadataSource' of type [org.springframework.security.access.method.DelegatingMethodSecurityMetadataSource] is not eligible for getting processed by all BeanPostProcessors (for example: not eligible for auto-proxying)
2019-10-27 14:54:01,806 INFO org.springframework.context.support.PostProcessorRegistrationDelegate$BeanPostProcessorChecker [restartedMain] Bean 'org.springframework.hateoas.config.HateoasConfiguration' of type [org.springframework.hateoas.config.HateoasConfiguration$$EnhancerBySpringCGLIB$$ad989c93] is not eligible for getting processed by all BeanPostProcessors (for example: not eligible for auto-proxying)
2019-10-27 14:54:02,365 INFO org.springframework.boot.web.embedded.tomcat.TomcatWebServer [restartedMain] Tomcat initialized with port(s): 8080 (http)
2019-10-27 14:54:02,383 INFO org.apache.juli.logging.DirectJDKLog [restartedMain] Initializing ProtocolHandler ["http-nio-8080"]
2019-10-27 14:54:02,393 INFO org.apache.juli.logging.DirectJDKLog [restartedMain] Starting service [Tomcat]
2019-10-27 14:54:02,393 INFO org.apache.juli.logging.DirectJDKLog [restartedMain] Starting Servlet engine: [Apache Tomcat/9.0.19]
2019-10-27 14:54:02,504 INFO org.apache.juli.logging.DirectJDKLog [restartedMain] Initializing Spring embedded WebApplicationContext
2019-10-27 14:54:02,505 INFO org.springframework.boot.web.servlet.context.ServletWebServerApplicationContext [restartedMain] Root WebApplicationContext: initialization completed in 4083 ms
2019-10-27 14:54:04,597 INFO com.mongodb.diagnostics.logging.SLF4JLogger [restartedMain] Cluster created with settings {hosts=[localhost:27017], mode=MULTIPLE, requiredClusterType=UNKNOWN, serverSelectionTimeout='30000 ms', maxWaitQueueSize=500}
2019-10-27 14:54:04,599 INFO com.mongodb.diagnostics.logging.SLF4JLogger [restartedMain] Adding discovered server localhost:27017 to client view of cluster
2019-10-27 14:54:04,673 INFO com.mongodb.diagnostics.logging.SLF4JLogger [cluster-ClusterId{value='5db5e7cccf2f1e0718e8355a', description='null'}-localhost:27017] Opened connection [connectionId{localValue:1, serverValue:34}] to localhost:27017
2019-10-27 14:54:04,679 INFO com.mongodb.diagnostics.logging.SLF4JLogger [cluster-ClusterId{value='5db5e7cccf2f1e0718e8355a', description='null'}-localhost:27017] Monitor thread successfully connected to server with description ServerDescription{address=localhost:27017, type=STANDALONE, state=CONNECTED, ok=true, version=ServerVersion{versionList=[4, 0, 11]}, minWireVersion=0, maxWireVersion=7, maxDocumentSize=16777216, logicalSessionTimeoutMinutes=30, roundTripTimeNanos=2802300}
2019-10-27 14:54:04,681 INFO com.mongodb.diagnostics.logging.SLF4JLogger [cluster-ClusterId{value='5db5e7cccf2f1e0718e8355a', description='null'}-localhost:27017] Discovered cluster type of STANDALONE
2019-10-27 14:54:05,979 INFO org.springframework.boot.devtools.autoconfigure.OptionalLiveReloadServer [restartedMain] LiveReload server is running on port 35729
2019-10-27 14:54:06,774 INFO org.springframework.boot.actuate.endpoint.web.EndpointLinksResolver [restartedMain] Exposing 2 endpoint(s) beneath base path '/actuator'
2019-10-27 14:54:07,033 INFO springfox.documentation.spring.web.PropertySourcedRequestMappingHandlerMapping [restartedMain] Mapped URL path [/v2/api-docs] onto method [public org.springframework.http.ResponseEntity<springfox.documentation.spring.web.json.Json> springfox.documentation.swagger2.web.Swagger2Controller.getDocumentation(java.lang.String,javax.servlet.http.HttpServletRequest)]
2019-10-27 14:54:07,399 INFO org.springframework.security.web.DefaultSecurityFilterChain [restartedMain] Creating filter chain: any request, [org.springframework.security.web.context.request.async.WebAsyncManagerIntegrationFilter@df3dcc9, org.springframework.security.web.context.SecurityContextPersistenceFilter@4d4ebec1, org.springframework.security.web.header.HeaderWriterFilter@34a7f2cf, org.springframework.web.filter.CorsFilter@1ede9f9c, org.springframework.security.web.authentication.logout.LogoutFilter@5ae422d8, com.softserve.booksCatalogPrototype.security.JwtAuthenticationFilter@22e906b3, org.springframework.security.web.savedrequest.RequestCacheAwareFilter@5e4f24ef, org.springframework.security.web.servletapi.SecurityContextHolderAwareRequestFilter@35396f39, org.springframework.security.web.authentication.AnonymousAuthenticationFilter@1e1c3d9b, org.springframework.security.web.session.SessionManagementFilter@61b770cd, org.springframework.security.web.access.ExceptionTranslationFilter@2a655d2d, org.springframework.security.web.access.intercept.FilterSecurityInterceptor@9621975]
2019-10-27 14:54:07,584 INFO org.springframework.scheduling.concurrent.ExecutorConfigurationSupport [restartedMain] Initializing ExecutorService 'applicationTaskExecutor'
2019-10-27 14:54:08,163 INFO springfox.documentation.spring.web.plugins.DocumentationPluginsBootstrapper [restartedMain] Context refreshed
2019-10-27 14:54:08,186 INFO springfox.documentation.spring.web.plugins.DocumentationPluginsBootstrapper [restartedMain] Found 1 custom documentation plugin(s)
2019-10-27 14:54:08,222 INFO springfox.documentation.spring.web.scanners.ApiListingReferenceScanner [restartedMain] Scanning for api listing references
2019-10-27 14:54:08,441 INFO springfox.documentation.spring.web.readers.operation.CachingOperationNameGenerator [restartedMain] Generating unique operation named: addUsingPOST_1
2019-10-27 14:54:08,452 INFO springfox.documentation.spring.web.readers.operation.CachingOperationNameGenerator [restartedMain] Generating unique operation named: allUsingGET_1
2019-10-27 14:54:08,466 INFO springfox.documentation.spring.web.readers.operation.CachingOperationNameGenerator [restartedMain] Generating unique operation named: allPagesUsingGET_1
2019-10-27 14:54:08,486 INFO springfox.documentation.spring.web.readers.operation.CachingOperationNameGenerator [restartedMain] Generating unique operation named: deleteUsingDELETE_1
2019-10-27 14:54:08,529 INFO springfox.documentation.spring.web.readers.operation.CachingOperationNameGenerator [restartedMain] Generating unique operation named: getUsingGET_1
2019-10-27 14:54:08,595 INFO springfox.documentation.spring.web.readers.operation.CachingOperationNameGenerator [restartedMain] Generating unique operation named: updateUsingPUT_1
2019-10-27 14:54:08,649 INFO springfox.documentation.spring.web.readers.operation.CachingOperationNameGenerator [restartedMain] Generating unique operation named: getUsingGET_2
2019-10-27 14:54:08,658 INFO springfox.documentation.spring.web.readers.operation.CachingOperationNameGenerator [restartedMain] Generating unique operation named: updateUsingPUT_2
2019-10-27 14:54:08,710 INFO org.apache.juli.logging.DirectJDKLog [restartedMain] Starting ProtocolHandler ["http-nio-8080"]
2019-10-27 14:54:08,756 INFO org.springframework.boot.web.embedded.tomcat.TomcatWebServer [restartedMain] Tomcat started on port(s): 8080 (http) with context path ''
2019-10-27 14:54:08,763 INFO org.springframework.boot.StartupInfoLogger [restartedMain] Started BooksCatalogPrototypeApplication in 11.792 seconds (JVM running for 14.149)
2019-10-27 14:54:08,826 INFO com.mongodb.diagnostics.logging.SLF4JLogger [restartedMain] Opened connection [connectionId{localValue:2, serverValue:35}] to localhost:27017
2019-10-27 14:54:08,932 INFO com.softserve.booksCatalogPrototype.BooksCatalogPrototypeApplication [restartedMain] Books catalog app is started
2019-10-27 14:54:09,091 INFO org.apache.juli.logging.DirectJDKLog [RMI TCP Connection(7)-127.0.0.1] Initializing Spring DispatcherServlet 'dispatcherServlet'
2019-10-27 14:54:09,092 INFO org.springframework.web.servlet.FrameworkServlet [RMI TCP Connection(7)-127.0.0.1] Initializing Servlet 'dispatcherServlet'
2019-10-27 14:54:09,112 INFO org.springframework.web.servlet.FrameworkServlet [RMI TCP Connection(7)-127.0.0.1] Completed initialization in 20 ms
2019-10-27 14:55:55,314 INFO com.softserve.booksCatalogPrototype.controller.AuthenticationController [http-nio-8080-exec-6] In login method.
2019-10-27 14:56:31,806 INFO com.softserve.booksCatalogPrototype.controller.BookController [http-nio-8080-exec-1] In all method.
2019-10-27 14:56:51,554 INFO com.softserve.booksCatalogPrototype.controller.BookController [http-nio-8080-exec-7] In getCover method.
2019-10-27 14:57:12,498 INFO com.softserve.booksCatalogPrototype.controller.BookController [http-nio-8080-exec-6] In getCover method.
2019-10-27 14:57:24,456 INFO com.softserve.booksCatalogPrototype.controller.AuthorController [http-nio-8080-exec-5] In all method.
2019-10-27 14:57:38,059 INFO com.softserve.booksCatalogPrototype.controller.BookController [http-nio-8080-exec-3] In add method.
2019-10-27 14:57:38,155 INFO com.softserve.booksCatalogPrototype.service.BookServiceImpl [http-nio-8080-exec-3] Book Book(isbn=5db5e8a2cf2f1e0718e8355b, name=HHHHHHHH, yearPublished=Sun Oct 27 14:56:19 EDT 2019, publisher=Publisher(companyName=string), creationDate=Sun Oct 27 14:57:38 EDT 2019, rate=0.0, totalVoteCount=0, authors=[Author(id=5db4ff0fcf2f1e4f086afa15, firstName=string, secondName=string, creationDate=Sat Oct 26 22:21:03 EDT 2019)], reviews=[]) is saved
2019-10-27 14:57:54,774 INFO com.softserve.booksCatalogPrototype.controller.BookController [http-nio-8080-exec-1] In uploadCover method.
2019-10-27 14:58:05,408 INFO com.softserve.booksCatalogPrototype.controller.BookController [http-nio-8080-exec-4] In getCover method.
2019-10-27 14:58:08,290 INFO com.softserve.booksCatalogPrototype.controller.BookController [http-nio-8080-exec-9] In getCover method.
2019-10-27 14:58:09,157 INFO com.softserve.booksCatalogPrototype.controller.BookController [http-nio-8080-exec-10] In getCover method.
2019-10-27 14:58:09,899 INFO com.softserve.booksCatalogPrototype.controller.BookController [http-nio-8080-exec-2] In getCover method.
2019-10-27 14:58:10,677 INFO com.softserve.booksCatalogPrototype.controller.BookController [http-nio-8080-exec-8] In getCover method.
2019-10-27 14:58:24,797 INFO org.springframework.boot.StartupInfoLogger [restartedMain] Starting BooksCatalogPrototypeApplication on VADYM with PID 16380 (C:\Users\avsim\IdeaProjects\BooksCatalogPrototype\out\production\classes started by avsim in C:\Users\avsim\IdeaProjects\BooksCatalogPrototype)
2019-10-27 14:58:24,802 INFO org.springframework.boot.SpringApplication [restartedMain] No active profile set, falling back to default profiles: default
2019-10-27 14:58:24,900 INFO org.springframework.boot.logging.DeferredLog [restartedMain] Devtools property defaults active! Set 'spring.devtools.add-properties' to 'false' to disable
2019-10-27 14:58:24,901 INFO org.springframework.boot.logging.DeferredLog [restartedMain] For additional web related logging consider setting the 'logging.level.web' property to 'DEBUG'
2019-10-27 14:58:26,758 INFO org.springframework.data.repository.config.RepositoryConfigurationDelegate [restartedMain] Bootstrapping Spring Data repositories in DEFAULT mode.
2019-10-27 14:58:26,852 INFO org.springframework.data.repository.config.RepositoryConfigurationDelegate [restartedMain] Finished Spring Data repository scanning in 88ms. Found 5 repository interfaces.
2019-10-27 14:58:27,274 INFO org.springframework.context.support.PostProcessorRegistrationDelegate$BeanPostProcessorChecker [restartedMain] Bean 'org.springframework.security.config.annotation.configuration.ObjectPostProcessorConfiguration' of type [org.springframework.security.config.annotation.configuration.ObjectPostProcessorConfiguration$$EnhancerBySpringCGLIB$$f31f86ef] is not eligible for getting processed by all BeanPostProcessors (for example: not eligible for auto-proxying)
2019-10-27 14:58:27,283 INFO org.springframework.context.support.PostProcessorRegistrationDelegate$BeanPostProcessorChecker [restartedMain] Bean 'objectPostProcessor' of type [org.springframework.security.config.annotation.configuration.AutowireBeanFactoryObjectPostProcessor] is not eligible for getting processed by all BeanPostProcessors (for example: not eligible for auto-proxying)
2019-10-27 14:58:27,286 INFO org.springframework.context.support.PostProcessorRegistrationDelegate$BeanPostProcessorChecker [restartedMain] Bean 'org.springframework.security.access.expression.method.DefaultMethodSecurityExpressionHandler@286c0135' of type [org.springframework.security.access.expression.method.DefaultMethodSecurityExpressionHandler] is not eligible for getting processed by all BeanPostProcessors (for example: not eligible for auto-proxying)
2019-10-27 14:58:27,291 INFO org.springframework.context.support.PostProcessorRegistrationDelegate$BeanPostProcessorChecker [restartedMain] Bean 'org.springframework.security.config.annotation.method.configuration.GlobalMethodSecurityConfiguration' of type [org.springframework.security.config.annotation.method.configuration.GlobalMethodSecurityConfiguration$$EnhancerBySpringCGLIB$$17f429a1] is not eligible for getting processed by all BeanPostProcessors (for example: not eligible for auto-proxying)
2019-10-27 14:58:27,295 INFO org.springframework.context.support.PostProcessorRegistrationDelegate$BeanPostProcessorChecker [restartedMain] Bean 'methodSecurityMetadataSource' of type [org.springframework.security.access.method.DelegatingMethodSecurityMetadataSource] is not eligible for getting processed by all BeanPostProcessors (for example: not eligible for auto-proxying)
2019-10-27 14:58:27,328 INFO org.springframework.context.support.PostProcessorRegistrationDelegate$BeanPostProcessorChecker [restartedMain] Bean 'org.springframework.hateoas.config.HateoasConfiguration' of type [org.springframework.hateoas.config.HateoasConfiguration$$EnhancerBySpringCGLIB$$d9f20be7] is not eligible for getting processed by all BeanPostProcessors (for example: not eligible for auto-proxying)
2019-10-27 14:58:27,783 INFO org.springframework.boot.web.embedded.tomcat.TomcatWebServer [restartedMain] Tomcat initialized with port(s): 8080 (http)
2019-10-27 14:58:27,798 INFO org.apache.juli.logging.DirectJDKLog [restartedMain] Initializing ProtocolHandler ["http-nio-8080"]
2019-10-27 14:58:27,806 INFO org.apache.juli.logging.DirectJDKLog [restartedMain] Starting service [Tomcat]
2019-10-27 14:58:27,806 INFO org.apache.juli.logging.DirectJDKLog [restartedMain] Starting Servlet engine: [Apache Tomcat/9.0.19]
2019-10-27 14:58:27,910 INFO org.apache.juli.logging.DirectJDKLog [restartedMain] Initializing Spring embedded WebApplicationContext
2019-10-27 14:58:27,911 INFO org.springframework.boot.web.servlet.context.ServletWebServerApplicationContext [restartedMain] Root WebApplicationContext: initialization completed in 3010 ms
2019-10-27 14:58:29,905 INFO com.mongodb.diagnostics.logging.SLF4JLogger [restartedMain] Cluster created with settings {hosts=[localhost:27017], mode=MULTIPLE, requiredClusterType=UNKNOWN, serverSelectionTimeout='30000 ms', maxWaitQueueSize=500}
2019-10-27 14:58:29,907 INFO com.mongodb.diagnostics.logging.SLF4JLogger [restartedMain] Adding discovered server localhost:27017 to client view of cluster
2019-10-27 14:58:29,980 INFO com.mongodb.diagnostics.logging.SLF4JLogger [cluster-ClusterId{value='5db5e8d5cf2f1e3ffc1e5070', description='null'}-localhost:27017] Opened connection [connectionId{localValue:1, serverValue:36}] to localhost:27017
2019-10-27 14:58:29,985 INFO com.mongodb.diagnostics.logging.SLF4JLogger [cluster-ClusterId{value='5db5e8d5cf2f1e3ffc1e5070', description='null'}-localhost:27017] Monitor thread successfully connected to server with description ServerDescription{address=localhost:27017, type=STANDALONE, state=CONNECTED, ok=true, version=ServerVersion{versionList=[4, 0, 11]}, minWireVersion=0, maxWireVersion=7, maxDocumentSize=16777216, logicalSessionTimeoutMinutes=30, roundTripTimeNanos=3263000}
2019-10-27 14:58:29,987 INFO com.mongodb.diagnostics.logging.SLF4JLogger [cluster-ClusterId{value='5db5e8d5cf2f1e3ffc1e5070', description='null'}-localhost:27017] Discovered cluster type of STANDALONE
2019-10-27 14:58:31,207 INFO org.springframework.boot.devtools.autoconfigure.OptionalLiveReloadServer [restartedMain] LiveReload server is running on port 35729
2019-10-27 14:58:32,000 INFO org.springframework.boot.actuate.endpoint.web.EndpointLinksResolver [restartedMain] Exposing 2 endpoint(s) beneath base path '/actuator'
2019-10-27 14:58:32,251 INFO springfox.documentation.spring.web.PropertySourcedRequestMappingHandlerMapping [restartedMain] Mapped URL path [/v2/api-docs] onto method [public org.springframework.http.ResponseEntity<springfox.documentation.spring.web.json.Json> springfox.documentation.swagger2.web.Swagger2Controller.getDocumentation(java.lang.String,javax.servlet.http.HttpServletRequest)]
2019-10-27 14:58:32,611 INFO org.springframework.security.web.DefaultSecurityFilterChain [restartedMain] Creating filter chain: any request, [org.springframework.security.web.context.request.async.WebAsyncManagerIntegrationFilter@7dd79739, org.springframework.security.web.context.SecurityContextPersistenceFilter@c1a9010, org.springframework.security.web.header.HeaderWriterFilter@1a22fa23, org.springframework.web.filter.CorsFilter@66146abf, org.springframework.security.web.authentication.logout.LogoutFilter@f34133, com.softserve.booksCatalogPrototype.security.JwtAuthenticationFilter@4657c54e, org.springframework.security.web.savedrequest.RequestCacheAwareFilter@3479f686, org.springframework.security.web.servletapi.SecurityContextHolderAwareRequestFilter@670de799, org.springframework.security.web.authentication.AnonymousAuthenticationFilter@37b95ce, org.springframework.security.web.session.SessionManagementFilter@727078f9, org.springframework.security.web.access.ExceptionTranslationFilter@40040abd, org.springframework.security.web.access.intercept.FilterSecurityInterceptor@7b283ca0]
2019-10-27 14:58:32,778 INFO org.springframework.scheduling.concurrent.ExecutorConfigurationSupport [restartedMain] Initializing ExecutorService 'applicationTaskExecutor'
2019-10-27 14:58:33,333 INFO springfox.documentation.spring.web.plugins.DocumentationPluginsBootstrapper [restartedMain] Context refreshed
2019-10-27 14:58:33,351 INFO springfox.documentation.spring.web.plugins.DocumentationPluginsBootstrapper [restartedMain] Found 1 custom documentation plugin(s)
2019-10-27 14:58:33,385 INFO springfox.documentation.spring.web.scanners.ApiListingReferenceScanner [restartedMain] Scanning for api listing references
2019-10-27 14:58:33,596 INFO springfox.documentation.spring.web.readers.operation.CachingOperationNameGenerator [restartedMain] Generating unique operation named: addUsingPOST_1
2019-10-27 14:58:33,610 INFO springfox.documentation.spring.web.readers.operation.CachingOperationNameGenerator [restartedMain] Generating unique operation named: allUsingGET_1
2019-10-27 14:58:33,629 INFO springfox.documentation.spring.web.readers.operation.CachingOperationNameGenerator [restartedMain] Generating unique operation named: allPagesUsingGET_1
2019-10-27 14:58:33,649 INFO springfox.documentation.spring.web.readers.operation.CachingOperationNameGenerator [restartedMain] Generating unique operation named: deleteUsingDELETE_1
2019-10-27 14:58:33,691 INFO springfox.documentation.spring.web.readers.operation.CachingOperationNameGenerator [restartedMain] Generating unique operation named: getUsingGET_1
2019-10-27 14:58:33,764 INFO springfox.documentation.spring.web.readers.operation.CachingOperationNameGenerator [restartedMain] Generating unique operation named: updateUsingPUT_1
2019-10-27 14:58:33,834 INFO springfox.documentation.spring.web.readers.operation.CachingOperationNameGenerator [restartedMain] Generating unique operation named: getUsingGET_2
2019-10-27 14:58:33,842 INFO springfox.documentation.spring.web.readers.operation.CachingOperationNameGenerator [restartedMain] Generating unique operation named: updateUsingPUT_2
2019-10-27 14:58:33,872 INFO org.apache.juli.logging.DirectJDKLog [restartedMain] Starting ProtocolHandler ["http-nio-8080"]
2019-10-27 14:58:33,914 INFO org.springframework.boot.web.embedded.tomcat.TomcatWebServer [restartedMain] Tomcat started on port(s): 8080 (http) with context path ''
2019-10-27 14:58:33,917 INFO org.springframework.boot.StartupInfoLogger [restartedMain] Started BooksCatalogPrototypeApplication in 9.963 seconds (JVM running for 11.812)
2019-10-27 14:58:33,973 INFO com.mongodb.diagnostics.logging.SLF4JLogger [restartedMain] Opened connection [connectionId{localValue:2, serverValue:37}] to localhost:27017
2019-10-27 14:58:34,014 INFO com.softserve.booksCatalogPrototype.BooksCatalogPrototypeApplication [restartedMain] Books catalog app is started
2019-10-27 14:58:34,392 INFO org.apache.juli.logging.DirectJDKLog [RMI TCP Connection(2)-127.0.0.1] Initializing Spring DispatcherServlet 'dispatcherServlet'
2019-10-27 14:58:34,392 INFO org.springframework.web.servlet.FrameworkServlet [RMI TCP Connection(2)-127.0.0.1] Initializing Servlet 'dispatcherServlet'
2019-10-27 14:58:34,411 INFO org.springframework.web.servlet.FrameworkServlet [RMI TCP Connection(2)-127.0.0.1] Completed initialization in 19 ms
2019-10-27 14:59:03,656 INFO com.softserve.booksCatalogPrototype.controller.AuthenticationController [http-nio-8080-exec-1] In login method.
2019-10-27 14:59:43,514 INFO com.softserve.booksCatalogPrototype.controller.BookController [http-nio-8080-exec-7] In getCover method.
2019-10-27 15:27:53,011 INFO org.springframework.boot.StartupInfoLogger [restartedMain] Starting BooksCatalogPrototypeApplication on VADYM with PID 116 (C:\Users\avsim\IdeaProjects\BooksCatalogPrototype\out\production\classes started by avsim in C:\Users\avsim\IdeaProjects\BooksCatalogPrototype)
2019-10-27 15:27:53,016 INFO org.springframework.boot.SpringApplication [restartedMain] No active profile set, falling back to default profiles: default
2019-10-27 15:27:53,076 INFO org.springframework.boot.logging.DeferredLog [restartedMain] Devtools property defaults active! Set 'spring.devtools.add-properties' to 'false' to disable
2019-10-27 15:27:53,077 INFO org.springframework.boot.logging.DeferredLog [restartedMain] For additional web related logging consider setting the 'logging.level.web' property to 'DEBUG'
2019-10-27 15:27:55,022 INFO org.springframework.data.repository.config.RepositoryConfigurationDelegate [restartedMain] Bootstrapping Spring Data repositories in DEFAULT mode.
2019-10-27 15:27:55,117 INFO org.springframework.data.repository.config.RepositoryConfigurationDelegate [restartedMain] Finished Spring Data repository scanning in 89ms. Found 5 repository interfaces.
2019-10-27 15:27:55,582 INFO org.springframework.context.support.PostProcessorRegistrationDelegate$BeanPostProcessorChecker [restartedMain] Bean 'org.springframework.security.config.annotation.configuration.ObjectPostProcessorConfiguration' of type [org.springframework.security.config.annotation.configuration.ObjectPostProcessorConfiguration$$EnhancerBySpringCGLIB$$416a36cc] is not eligible for getting processed by all BeanPostProcessors (for example: not eligible for auto-proxying)
2019-10-27 15:27:55,591 INFO org.springframework.context.support.PostProcessorRegistrationDelegate$BeanPostProcessorChecker [restartedMain] Bean 'objectPostProcessor' of type [org.springframework.security.config.annotation.configuration.AutowireBeanFactoryObjectPostProcessor] is not eligible for getting processed by all BeanPostProcessors (for example: not eligible for auto-proxying)
2019-10-27 15:27:55,594 INFO org.springframework.context.support.PostProcessorRegistrationDelegate$BeanPostProcessorChecker [restartedMain] Bean 'org.springframework.security.access.expression.method.DefaultMethodSecurityExpressionHandler@2a95886b' of type [org.springframework.security.access.expression.method.DefaultMethodSecurityExpressionHandler] is not eligible for getting processed by all BeanPostProcessors (for example: not eligible for auto-proxying)
2019-10-27 15:27:55,601 INFO org.springframework.context.support.PostProcessorRegistrationDelegate$BeanPostProcessorChecker [restartedMain] Bean 'org.springframework.security.config.annotation.method.configuration.GlobalMethodSecurityConfiguration' of type [org.springframework.security.config.annotation.method.configuration.GlobalMethodSecurityConfiguration$$EnhancerBySpringCGLIB$$663ed97e] is not eligible for getting processed by all BeanPostProcessors (for example: not eligible for auto-proxying)
2019-10-27 15:27:55,606 INFO org.springframework.context.support.PostProcessorRegistrationDelegate$BeanPostProcessorChecker [restartedMain] Bean 'methodSecurityMetadataSource' of type [org.springframework.security.access.method.DelegatingMethodSecurityMetadataSource] is not eligible for getting processed by all BeanPostProcessors (for example: not eligible for auto-proxying)
2019-10-27 15:27:55,624 INFO org.springframework.context.support.PostProcessorRegistrationDelegate$BeanPostProcessorChecker [restartedMain] Bean 'org.springframework.hateoas.config.HateoasConfiguration' of type [org.springframework.hateoas.config.HateoasConfiguration$$EnhancerBySpringCGLIB$$283cbbc4] is not eligible for getting processed by all BeanPostProcessors (for example: not eligible for auto-proxying)
2019-10-27 15:27:56,069 INFO org.springframework.boot.web.embedded.tomcat.TomcatWebServer [restartedMain] Tomcat initialized with port(s): 8080 (http)
2019-10-27 15:27:56,087 INFO org.apache.juli.logging.DirectJDKLog [restartedMain] Initializing ProtocolHandler ["http-nio-8080"]
2019-10-27 15:27:56,096 INFO org.apache.juli.logging.DirectJDKLog [restartedMain] Starting service [Tomcat]
2019-10-27 15:27:56,096 INFO org.apache.juli.logging.DirectJDKLog [restartedMain] Starting Servlet engine: [Apache Tomcat/9.0.19]
2019-10-27 15:27:56,196 INFO org.apache.juli.logging.DirectJDKLog [restartedMain] Initializing Spring embedded WebApplicationContext
2019-10-27 15:27:56,197 INFO org.springframework.boot.web.servlet.context.ServletWebServerApplicationContext [restartedMain] Root WebApplicationContext: initialization completed in 3119 ms
2019-10-27 15:27:57,966 INFO com.mongodb.diagnostics.logging.SLF4JLogger [restartedMain] Cluster created with settings {hosts=[localhost:27017], mode=MULTIPLE, requiredClusterType=UNKNOWN, serverSelectionTimeout='30000 ms', maxWaitQueueSize=500}
2019-10-27 15:27:57,968 INFO com.mongodb.diagnostics.logging.SLF4JLogger [restartedMain] Adding discovered server localhost:27017 to client view of cluster
2019-10-27 15:27:58,025 INFO com.mongodb.diagnostics.logging.SLF4JLogger [cluster-ClusterId{value='5db5efbdcf2f1e0074c53c8a', description='null'}-localhost:27017] Opened connection [connectionId{localValue:1, serverValue:38}] to localhost:27017
2019-10-27 15:27:58,030 INFO com.mongodb.diagnostics.logging.SLF4JLogger [cluster-ClusterId{value='5db5efbdcf2f1e0074c53c8a', description='null'}-localhost:27017] Monitor thread successfully connected to server with description ServerDescription{address=localhost:27017, type=STANDALONE, state=CONNECTED, ok=true, version=ServerVersion{versionList=[4, 0, 11]}, minWireVersion=0, maxWireVersion=7, maxDocumentSize=16777216, logicalSessionTimeoutMinutes=30, roundTripTimeNanos=2920400}
2019-10-27 15:27:58,031 INFO com.mongodb.diagnostics.logging.SLF4JLogger [cluster-ClusterId{value='5db5efbdcf2f1e0074c53c8a', description='null'}-localhost:27017] Discovered cluster type of STANDALONE
2019-10-27 15:27:59,196 INFO org.springframework.boot.devtools.autoconfigure.OptionalLiveReloadServer [restartedMain] LiveReload server is running on port 35729
2019-10-27 15:27:59,947 INFO org.springframework.boot.actuate.endpoint.web.EndpointLinksResolver [restartedMain] Exposing 2 endpoint(s) beneath base path '/actuator'
2019-10-27 15:28:00,216 INFO springfox.documentation.spring.web.PropertySourcedRequestMappingHandlerMapping [restartedMain] Mapped URL path [/v2/api-docs] onto method [public org.springframework.http.ResponseEntity<springfox.documentation.spring.web.json.Json> springfox.documentation.swagger2.web.Swagger2Controller.getDocumentation(java.lang.String,javax.servlet.http.HttpServletRequest)]
2019-10-27 15:28:00,590 INFO org.springframework.security.web.DefaultSecurityFilterChain [restartedMain] Creating filter chain: any request, [org.springframework.security.web.context.request.async.WebAsyncManagerIntegrationFilter@726dc8ff, org.springframework.security.web.context.SecurityContextPersistenceFilter@6bc0c90a, org.springframework.security.web.header.HeaderWriterFilter@42c4a3d1, org.springframework.web.filter.CorsFilter@34ac3917, org.springframework.security.web.authentication.logout.LogoutFilter@44d1f0bf, com.softserve.booksCatalogPrototype.security.JwtAuthenticationFilter@1d81bec9, org.springframework.security.web.savedrequest.RequestCacheAwareFilter@5f285b20, org.springframework.security.web.servletapi.SecurityContextHolderAwareRequestFilter@2e851b3e, org.springframework.security.web.authentication.AnonymousAuthenticationFilter@789e05fc, org.springframework.security.web.session.SessionManagementFilter@1cf247d9, org.springframework.security.web.access.ExceptionTranslationFilter@397b1132, org.springframework.security.web.access.intercept.FilterSecurityInterceptor@2bfcad35]
2019-10-27 15:28:00,951 INFO org.springframework.scheduling.concurrent.ExecutorConfigurationSupport [restartedMain] Initializing ExecutorService 'applicationTaskExecutor'
2019-10-27 15:28:01,634 INFO springfox.documentation.spring.web.plugins.DocumentationPluginsBootstrapper [restartedMain] Context refreshed
2019-10-27 15:28:01,654 INFO springfox.documentation.spring.web.plugins.DocumentationPluginsBootstrapper [restartedMain] Found 1 custom documentation plugin(s)
2019-10-27 15:28:01,687 INFO springfox.documentation.spring.web.scanners.ApiListingReferenceScanner [restartedMain] Scanning for api listing references
2019-10-27 15:28:01,890 INFO springfox.documentation.spring.web.readers.operation.CachingOperationNameGenerator [restartedMain] Generating unique operation named: addUsingPOST_1
2019-10-27 15:28:01,902 INFO springfox.documentation.spring.web.readers.operation.CachingOperationNameGenerator [restartedMain] Generating unique operation named: allUsingGET_1
2019-10-27 15:28:01,913 INFO springfox.documentation.spring.web.readers.operation.CachingOperationNameGenerator [restartedMain] Generating unique operation named: allPagesUsingGET_1
2019-10-27 15:28:01,934 INFO springfox.documentation.spring.web.readers.operation.CachingOperationNameGenerator [restartedMain] Generating unique operation named: deleteUsingDELETE_1
2019-10-27 15:28:01,977 INFO springfox.documentation.spring.web.readers.operation.CachingOperationNameGenerator [restartedMain] Generating unique operation named: getUsingGET_1
2019-10-27 15:28:02,043 INFO springfox.documentation.spring.web.readers.operation.CachingOperationNameGenerator [restartedMain] Generating unique operation named: updateUsingPUT_1
2019-10-27 15:28:02,098 INFO springfox.documentation.spring.web.readers.operation.CachingOperationNameGenerator [restartedMain] Generating unique operation named: getUsingGET_2
2019-10-27 15:28:02,106 INFO springfox.documentation.spring.web.readers.operation.CachingOperationNameGenerator [restartedMain] Generating unique operation named: updateUsingPUT_2
2019-10-27 15:28:02,131 INFO org.apache.juli.logging.DirectJDKLog [restartedMain] Starting ProtocolHandler ["http-nio-8080"]
2019-10-27 15:28:02,168 INFO org.springframework.boot.web.embedded.tomcat.TomcatWebServer [restartedMain] Tomcat started on port(s): 8080 (http) with context path ''
2019-10-27 15:28:02,172 INFO org.springframework.boot.StartupInfoLogger [restartedMain] Started BooksCatalogPrototypeApplication in 9.918 seconds (JVM running for 11.299)
2019-10-27 15:28:02,251 INFO com.mongodb.diagnostics.logging.SLF4JLogger [restartedMain] Opened connection [connectionId{localValue:2, serverValue:39}] to localhost:27017
2019-10-27 15:28:02,291 INFO com.softserve.booksCatalogPrototype.BooksCatalogPrototypeApplication [restartedMain] Books catalog app is started
2019-10-27 15:28:02,728 INFO org.apache.juli.logging.DirectJDKLog [RMI TCP Connection(4)-127.0.0.1] Initializing Spring DispatcherServlet 'dispatcherServlet'
2019-10-27 15:28:02,728 INFO org.springframework.web.servlet.FrameworkServlet [RMI TCP Connection(4)-127.0.0.1] Initializing Servlet 'dispatcherServlet'
2019-10-27 15:28:02,777 INFO org.springframework.web.servlet.FrameworkServlet [RMI TCP Connection(4)-127.0.0.1] Completed initialization in 49 ms
2019-10-27 15:28:16,908 INFO com.softserve.booksCatalogPrototype.controller.BookController [http-nio-8080-exec-1] In getCover method.
