2020-11-29 23:40:34,336 INFO org.springframework.boot.StartupInfoLogger [restartedMain] Starting BooksCatalogPrototypeApplication on DESKTOP-1RBLR2I with PID 9172 (C:\Users\Vadym\IdeaProjects\BooksCatalogPrototype\build\classes\java\main started by Vadym in C:\Users\Vadym\IdeaProjects\BooksCatalogPrototype)
2020-11-29 23:40:34,343 INFO org.springframework.boot.SpringApplication [restartedMain] No active profile set, falling back to default profiles: default
2020-11-29 23:40:34,408 INFO org.springframework.boot.logging.DeferredLog [restartedMain] Devtools property defaults active! Set 'spring.devtools.add-properties' to 'false' to disable
2020-11-29 23:40:34,408 INFO org.springframework.boot.logging.DeferredLog [restartedMain] For additional web related logging consider setting the 'logging.level.web' property to 'DEBUG'
2020-11-29 23:40:36,589 INFO org.springframework.data.repository.config.RepositoryConfigurationDelegate [restartedMain] Bootstrapping Spring Data repositories in DEFAULT mode.
2020-11-29 23:40:36,743 INFO org.springframework.data.repository.config.RepositoryConfigurationDelegate [restartedMain] Finished Spring Data repository scanning in 145ms. Found 5 repository interfaces.
2020-11-29 23:40:37,496 INFO org.springframework.context.support.PostProcessorRegistrationDelegate$BeanPostProcessorChecker [restartedMain] Bean 'org.springframework.security.config.annotation.configuration.ObjectPostProcessorConfiguration' of type [org.springframework.security.config.annotation.configuration.ObjectPostProcessorConfiguration$$EnhancerBySpringCGLIB$$bc6e9c4a] is not eligible for getting processed by all BeanPostProcessors (for example: not eligible for auto-proxying)
2020-11-29 23:40:37,508 INFO org.springframework.context.support.PostProcessorRegistrationDelegate$BeanPostProcessorChecker [restartedMain] Bean 'objectPostProcessor' of type [org.springframework.security.config.annotation.configuration.AutowireBeanFactoryObjectPostProcessor] is not eligible for getting processed by all BeanPostProcessors (for example: not eligible for auto-proxying)
2020-11-29 23:40:37,513 INFO org.springframework.context.support.PostProcessorRegistrationDelegate$BeanPostProcessorChecker [restartedMain] Bean 'org.springframework.security.access.expression.method.DefaultMethodSecurityExpressionHandler@267b7a4a' of type [org.springframework.security.access.expression.method.DefaultMethodSecurityExpressionHandler] is not eligible for getting processed by all BeanPostProcessors (for example: not eligible for auto-proxying)
2020-11-29 23:40:37,520 INFO org.springframework.context.support.PostProcessorRegistrationDelegate$BeanPostProcessorChecker [restartedMain] Bean 'org.springframework.security.config.annotation.method.configuration.GlobalMethodSecurityConfiguration' of type [org.springframework.security.config.annotation.method.configuration.GlobalMethodSecurityConfiguration$$EnhancerBySpringCGLIB$$e1433efc] is not eligible for getting processed by all BeanPostProcessors (for example: not eligible for auto-proxying)
2020-11-29 23:40:37,527 INFO org.springframework.context.support.PostProcessorRegistrationDelegate$BeanPostProcessorChecker [restartedMain] Bean 'methodSecurityMetadataSource' of type [org.springframework.security.access.method.DelegatingMethodSecurityMetadataSource] is not eligible for getting processed by all BeanPostProcessors (for example: not eligible for auto-proxying)
2020-11-29 23:40:37,550 INFO org.springframework.context.support.PostProcessorRegistrationDelegate$BeanPostProcessorChecker [restartedMain] Bean 'org.springframework.hateoas.config.HateoasConfiguration' of type [org.springframework.hateoas.config.HateoasConfiguration$$EnhancerBySpringCGLIB$$a3412142] is not eligible for getting processed by all BeanPostProcessors (for example: not eligible for auto-proxying)
2020-11-29 23:40:38,839 INFO org.springframework.boot.web.embedded.tomcat.TomcatWebServer [restartedMain] Tomcat initialized with port(s): 8080 (http)
2020-11-29 23:40:38,865 INFO org.apache.juli.logging.DirectJDKLog [restartedMain] Initializing ProtocolHandler ["http-nio-8080"]
2020-11-29 23:40:38,883 INFO org.apache.juli.logging.DirectJDKLog [restartedMain] Starting service [Tomcat]
2020-11-29 23:40:38,884 INFO org.apache.juli.logging.DirectJDKLog [restartedMain] Starting Servlet engine: [Apache Tomcat/9.0.19]
2020-11-29 23:40:39,359 INFO org.apache.juli.logging.DirectJDKLog [restartedMain] Initializing Spring embedded WebApplicationContext
2020-11-29 23:40:39,360 INFO org.springframework.boot.web.servlet.context.ServletWebServerApplicationContext [restartedMain] Root WebApplicationContext: initialization completed in 4951 ms
2020-11-29 23:40:46,128 INFO com.mongodb.diagnostics.logging.SLF4JLogger [restartedMain] Cluster created with settings {hosts=[localhost:27017], mode=MULTIPLE, requiredClusterType=UNKNOWN, serverSelectionTimeout='30000 ms', maxWaitQueueSize=500}
2020-11-29 23:40:46,131 INFO com.mongodb.diagnostics.logging.SLF4JLogger [restartedMain] Adding discovered server localhost:27017 to client view of cluster
2020-11-29 23:40:46,533 INFO com.mongodb.diagnostics.logging.SLF4JLogger [cluster-ClusterId{value='5fc477ceb1588023d44f322e', description='null'}-localhost:27017] Opened connection [connectionId{localValue:1, serverValue:1}] to localhost:27017
2020-11-29 23:40:46,541 INFO com.mongodb.diagnostics.logging.SLF4JLogger [cluster-ClusterId{value='5fc477ceb1588023d44f322e', description='null'}-localhost:27017] Monitor thread successfully connected to server with description ServerDescription{address=localhost:27017, type=STANDALONE, state=CONNECTED, ok=true, version=ServerVersion{versionList=[4, 2, 8]}, minWireVersion=0, maxWireVersion=8, maxDocumentSize=16777216, logicalSessionTimeoutMinutes=30, roundTripTimeNanos=4866500}
2020-11-29 23:40:46,543 INFO com.mongodb.diagnostics.logging.SLF4JLogger [cluster-ClusterId{value='5fc477ceb1588023d44f322e', description='null'}-localhost:27017] Discovered cluster type of STANDALONE
2020-11-29 23:40:49,622 INFO org.springframework.boot.devtools.autoconfigure.OptionalLiveReloadServer [restartedMain] LiveReload server is running on port 35729
2020-11-29 23:40:50,682 INFO org.springframework.boot.actuate.endpoint.web.EndpointLinksResolver [restartedMain] Exposing 2 endpoint(s) beneath base path '/actuator'
2020-11-29 23:40:51,011 INFO springfox.documentation.spring.web.PropertySourcedRequestMappingHandlerMapping [restartedMain] Mapped URL path [/v2/api-docs] onto method [public org.springframework.http.ResponseEntity<springfox.documentation.spring.web.json.Json> springfox.documentation.swagger2.web.Swagger2Controller.getDocumentation(java.lang.String,javax.servlet.http.HttpServletRequest)]
2020-11-29 23:40:51,585 INFO org.springframework.security.web.DefaultSecurityFilterChain [restartedMain] Creating filter chain: any request, [org.springframework.security.web.context.request.async.WebAsyncManagerIntegrationFilter@e0c2fe5, org.springframework.security.web.context.SecurityContextPersistenceFilter@1658727e, org.springframework.security.web.header.HeaderWriterFilter@27168e7c, org.springframework.web.filter.CorsFilter@29e29cd, org.springframework.security.web.authentication.logout.LogoutFilter@39a8bdbd, com.softserve.booksCatalogPrototype.security.JwtAuthenticationFilter@3cb6f690, org.springframework.security.web.savedrequest.RequestCacheAwareFilter@17e22826, org.springframework.security.web.servletapi.SecurityContextHolderAwareRequestFilter@77bc4303, org.springframework.security.web.authentication.AnonymousAuthenticationFilter@511d2a97, org.springframework.security.web.session.SessionManagementFilter@54b14b71, org.springframework.security.web.access.ExceptionTranslationFilter@6fb97d6e, org.springframework.security.web.access.intercept.FilterSecurityInterceptor@43284c7]
2020-11-29 23:40:51,846 INFO org.springframework.scheduling.concurrent.ExecutorConfigurationSupport [restartedMain] Initializing ExecutorService 'applicationTaskExecutor'
2020-11-29 23:40:52,611 INFO springfox.documentation.spring.web.plugins.DocumentationPluginsBootstrapper [restartedMain] Context refreshed
2020-11-29 23:40:52,630 INFO springfox.documentation.spring.web.plugins.DocumentationPluginsBootstrapper [restartedMain] Found 1 custom documentation plugin(s)
2020-11-29 23:40:52,685 INFO springfox.documentation.spring.web.scanners.ApiListingReferenceScanner [restartedMain] Scanning for api listing references
2020-11-29 23:40:52,970 INFO springfox.documentation.spring.web.readers.operation.CachingOperationNameGenerator [restartedMain] Generating unique operation named: addUsingPOST_1
2020-11-29 23:40:52,983 INFO springfox.documentation.spring.web.readers.operation.CachingOperationNameGenerator [restartedMain] Generating unique operation named: allUsingGET_1
2020-11-29 23:40:52,995 INFO springfox.documentation.spring.web.readers.operation.CachingOperationNameGenerator [restartedMain] Generating unique operation named: allPagesUsingGET_1
2020-11-29 23:40:53,023 INFO springfox.documentation.spring.web.readers.operation.CachingOperationNameGenerator [restartedMain] Generating unique operation named: deleteUsingDELETE_1
2020-11-29 23:40:53,078 INFO springfox.documentation.spring.web.readers.operation.CachingOperationNameGenerator [restartedMain] Generating unique operation named: getUsingGET_1
2020-11-29 23:40:53,141 INFO springfox.documentation.spring.web.readers.operation.CachingOperationNameGenerator [restartedMain] Generating unique operation named: updateUsingPUT_1
2020-11-29 23:40:53,209 INFO springfox.documentation.spring.web.readers.operation.CachingOperationNameGenerator [restartedMain] Generating unique operation named: getUsingGET_2
2020-11-29 23:40:53,216 INFO springfox.documentation.spring.web.readers.operation.CachingOperationNameGenerator [restartedMain] Generating unique operation named: updateUsingPUT_2
2020-11-29 23:40:53,249 INFO org.apache.juli.logging.DirectJDKLog [restartedMain] Starting ProtocolHandler ["http-nio-8080"]
2020-11-29 23:40:53,292 INFO org.springframework.boot.web.embedded.tomcat.TomcatWebServer [restartedMain] Tomcat started on port(s): 8080 (http) with context path ''
2020-11-29 23:40:53,297 INFO org.springframework.boot.StartupInfoLogger [restartedMain] Started BooksCatalogPrototypeApplication in 19.602 seconds (JVM running for 21.79)
2020-11-29 23:40:53,377 INFO com.mongodb.diagnostics.logging.SLF4JLogger [restartedMain] Opened connection [connectionId{localValue:2, serverValue:2}] to localhost:27017
2020-11-29 23:40:53,585 INFO com.softserve.booksCatalogPrototype.BooksCatalogPrototypeApplication [restartedMain] Books catalog app is started
2020-11-29 23:40:55,450 INFO org.apache.juli.logging.DirectJDKLog [RMI TCP Connection(6)-10.48.17.18] Initializing Spring DispatcherServlet 'dispatcherServlet'
2020-11-29 23:40:55,451 INFO org.springframework.web.servlet.FrameworkServlet [RMI TCP Connection(6)-10.48.17.18] Initializing Servlet 'dispatcherServlet'
2020-11-29 23:40:55,491 INFO org.springframework.web.servlet.FrameworkServlet [RMI TCP Connection(6)-10.48.17.18] Completed initialization in 40 ms
